
 Ansys Mechanical Enterprise Academic Student      


 *------------------------------------------------------------------*
 |                                                                  |
 |   W E L C O M E   T O   T H E   A N S Y S (R)  P R O G R A M     |
 |                                                                  |
 *------------------------------------------------------------------*




 ***************************************************************
 *         ANSYS MAPDL 2022 R2          LEGAL NOTICES          *
 ***************************************************************
 *                                                             *
 * Copyright 1971-2022 Ansys, Inc.  All rights reserved.       *
 * Unauthorized use, distribution or duplication is            *
 * prohibited.                                                 *
 *                                                             *
 * Ansys is a registered trademark of Ansys, Inc. or its       *
 * subsidiaries in the United States or other countries.       *
 * See the Ansys, Inc. online documentation or the Ansys, Inc. *
 * documentation CD or online help for the complete Legal      *
 * Notice.                                                     *
 *                                                             *
 ***************************************************************
 *                                                             *
 * THIS ANSYS SOFTWARE PRODUCT AND PROGRAM DOCUMENTATION       *
 * INCLUDE TRADE SECRETS AND CONFIDENTIAL AND PROPRIETARY      *
 * PRODUCTS OF ANSYS, INC., ITS SUBSIDIARIES, OR LICENSORS.    *
 * The software products and documentation are furnished by    *
 * Ansys, Inc. or its subsidiaries under a software license    *
 * agreement that contains provisions concerning               *
 * non-disclosure, copying, length and nature of use,          *
 * compliance with exporting laws, warranties, disclaimers,    *
 * limitations of liability, and remedies, and other           *
 * provisions.  The software products and documentation may be *
 * used, disclosed, transferred, or copied only in accordance  *
 * with the terms and conditions of that software license      *
 * agreement.                                                  *
 *                                                             *
 * Ansys, Inc. is a UL registered                              *
 * ISO 9001:2015 company.                                      *
 *                                                             *
 ***************************************************************
 *                                                             *
 * This product is subject to U.S. laws governing export and   *
 * re-export.                                                  *
 *                                                             *
 * For U.S. Government users, except as specifically granted   *
 * by the Ansys, Inc. software license agreement, the use,     *
 * duplication, or disclosure by the United States Government  *
 * is subject to restrictions stated in the Ansys, Inc.        *
 * software license agreement and FAR 12.212 (for non-DOD      *
 * licenses).                                                  *
 *                                                             *
 ***************************************************************

 2022 R2 
     
 Point Releases and Patches installed:   
     
 Ansys, Inc. Products 2022 R2
 Autodyn 2022 R2 
 SpaceClaim 2022 R2  
 CFX (includes CFD-Post) 2022 R2 
 Chemkin 2022 R2 
 EnSight 2022 R2 
 FENSAP-ICE 2022 R2  
 Fluent (includes CFD-Post) 2022 R2  
 Polyflow (includes CFD-Post) 2022 R2
 Forte (includes EnSight) 2022 R2
 TurboGrid 2022 R2   
 Aqwa 2022 R2
 Mechanical Products 2022 R2 
 ACIS Geometry Interface 2022 R2 
 AutoCAD Geometry Interface 2022 R2  
 Catia, Version 4 Geometry Interface 2022 R2 
 Catia, Version 5 Geometry Interface 2022 R2 
 Catia, Version 6 Geometry Interface 2022 R2 
 Creo Elements/Direct Modeling Geometry Interface 2022 R2
 Creo Parametric Geometry Interface 2022 R2  
 Inventor Geometry Interface 2022 R2 
 JTOpen Geometry Interface 2022 R2   
 NX Geometry Interface 2022 R2   
 Parasolid Geometry Interface  2022 R2   
 Solid Edge Geometry Interface 2022 R2   
 SOLIDWORKS Geometry Interface 2022 R2   
 Academic Student 2022 R2


          *****  MAPDL COMMAND LINE ARGUMENTS  *****
  BATCH MODE REQUESTED (-b)    = NOLIST
  INPUT FILE COPY MODE (-c)    = COPY
  DISTRIBUTED MEMORY PARALLEL REQUESTED
       2 PARALLEL PROCESSES REQUESTED WITH SINGLE THREAD PER PROCESS
    TOTAL OF     2 CORES REQUESTED
  INPUT FILE NAME              = C:\Users\Admin\Desktop\master thesis\ANSYS\_ProjectScratch\ScrF3A5\dummy.dat
  OUTPUT FILE NAME             = C:\Users\Admin\Desktop\master thesis\ANSYS\_ProjectScratch\ScrF3A5\solve.out
  START-UP FILE MODE           = NOREAD
  STOP FILE MODE               = NOREAD

 RELEASE= 2022 R2              BUILD= 22.2      UP20220516   VERSION=WINDOWS x64 
 CURRENT JOBNAME=file0  21:00:14  JAN 14, 2023 CP=      0.125


 PARAMETER _DS_PROGRESS =     999.0000000    

 /INPUT FILE= ds.dat  LINE=       0



 *** NOTE ***                            CP =       0.312   TIME= 21:00:14
 The /CONFIG,NOELDB command is not valid in a distributed memory         
 parallel solution.  Command is ignored.                                 

 *GET  _WALLSTRT  FROM  ACTI  ITEM=TIME WALL  VALUE=  21.0038889    

 TITLE= 
 bending_beam_self_study--Static Structural (F5)                               

  ACT Extensions:
      LSDYNA, 2022.2
      5f463412-bd3e-484b-87e7-cbc0a665e474, wbex
 /COM,     ANSYSMotion, 2022.2
      20180725-3f81-49eb-9f31-41364844c769, wbex
  

 SET PARAMETER DIMENSIONS ON  _WB_PROJECTSCRATCH_DIR
  TYPE=STRI  DIMENSIONS=      248        1        1

 PARAMETER _WB_PROJECTSCRATCH_DIR(1) = C:\Users\Admin\Desktop\master thesis\ANSYS\_ProjectScratch\ScrF3A5\

 SET PARAMETER DIMENSIONS ON  _WB_SOLVERFILES_DIR
  TYPE=STRI  DIMENSIONS=      248        1        1

 PARAMETER _WB_SOLVERFILES_DIR(1) = C:\Users\Admin\Desktop\master thesis\ANSYS\bending_beam_self_study_files\dp0\SYS-5\MECH\

 SET PARAMETER DIMENSIONS ON  _WB_USERFILES_DIR
  TYPE=STRI  DIMENSIONS=      248        1        1

 PARAMETER _WB_USERFILES_DIR(1) = C:\Users\Admin\Desktop\master thesis\ANSYS\bending_beam_self_study_files\user_files\
 --- Data in consistent NMM units. See Solving Units in the help system for more

 MPA UNITS SPECIFIED FOR INTERNAL    
  LENGTH      = MILLIMETERS (mm)
  MASS        = TONNE (Mg)
  TIME        = SECONDS (sec)
  TEMPERATURE = CELSIUS (C)
  TOFFSET     = 273.0
  FORCE       = NEWTON (N)
  HEAT        = MILLIJOULES (mJ)

 INPUT  UNITS ARE ALSO SET TO MPA 

 *** MAPDL - ENGINEERING ANALYSIS SYSTEM  RELEASE 2022 R2          22.2     ***
 Ansys Mechanical Enterprise Academic Student      
 00000000  VERSION=WINDOWS x64   21:00:14  JAN 14, 2023 CP=      0.328

 bending_beam_self_study--Static Structural (F5)                               



          ***** MAPDL ANALYSIS DEFINITION (PREP7) *****
 *********** Nodes for the whole assembly ***********
 *********** Nodes for all Remote Points ***********
 *********** Elements for Body 1 "Solid" ***********
 *********** Send User Defined Coordinate System(s) ***********
 *********** Set Reference Temperature ***********
 *********** Send Materials ***********
 *********** Send Named Selection as Element Component ***********
 *********** Fixed Supports ***********
 *********** Create Remote Point "Remote Point" ***********
 *********** Construct Remote Force ***********


 ***** ROUTINE COMPLETED *****  CP =         1.297


 --- Number of total nodes = 119345
 --- Number of contact elements = 81
 --- Number of spring elements = 0
 --- Number of bearing elements = 0
 --- Number of solid elements = 20250
 --- Number of condensed parts = 0
 --- Number of total elements = 20332

 *GET  _WALLBSOL  FROM  ACTI  ITEM=TIME WALL  VALUE=  21.0041667    
 ****************************************************************************
 *************************    SOLUTION       ********************************
 ****************************************************************************

 *****  MAPDL SOLUTION ROUTINE  *****


 PERFORM A STATIC ANALYSIS
  THIS WILL BE A NEW ANALYSIS

 PARAMETER _THICKRATIO =     1.000000000    

 USE PRECONDITIONED CONJUGATE GRADIENT SOLVER
  CONVERGENCE TOLERANCE = 1.00000E-08
  MAXIMUM ITERATION     = NumNode*DofPerNode*  1.0000    

 CONTACT INFORMATION PRINTOUT LEVEL       1

 DO NOT COMBINE ELEMENT MATRIX FILES (.emat) AFTER DISTRIBUTED PARALLEL SOLUTION

 DO NOT COMBINE ELEMENT SAVE DATA FILES (.esav) AFTER DISTRIBUTED PARALLEL SOLUTION

 NLDIAG: Nonlinear diagnostics CONT option is set to ON. 
         Writing frequency : each ITERATION.

 DO NOT SAVE ANY RESTART FILES AT ALL
 ****************************************************
 ******************* SOLVE FOR LS 1 OF 1 ****************

 SELECT       FOR ITEM=NODE COMPONENT=    
  IN RANGE    119345 TO     119345 STEP          1

          1  NODES (OF     119345  DEFINED) SELECTED BY  NSEL  COMMAND.

 SPECIFIED NODAL LOAD FX   FOR SELECTED NODES         1 TO   119345 BY        1
  REAL=  0.00000000       IMAG=  0.00000000    

 SPECIFIED NODAL LOAD FY   FOR SELECTED NODES         1 TO   119345 BY        1
  REAL= -50000.0000       IMAG=  0.00000000    

 SPECIFIED NODAL LOAD FZ   FOR SELECTED NODES         1 TO   119345 BY        1
  REAL=  0.00000000       IMAG=  0.00000000    

 ALL SELECT   FOR ITEM=NODE COMPONENT=    
  IN RANGE         1 TO     119345 STEP          1

     119345  NODES (OF     119345  DEFINED) SELECTED BY NSEL  COMMAND.

 PRINTOUT RESUMED BY /GOP

 USE       1 SUBSTEPS INITIALLY THIS LOAD STEP FOR ALL  DEGREES OF FREEDOM
 FOR AUTOMATIC TIME STEPPING:
   USE      1 SUBSTEPS AS A MAXIMUM
   USE      1 SUBSTEPS AS A MINIMUM

 TIME=  1.0000    

 ERASE THE CURRENT DATABASE OUTPUT CONTROL TABLE.


 WRITE ALL  ITEMS TO THE DATABASE WITH A FREQUENCY OF NONE
   FOR ALL APPLICABLE ENTITIES

 WRITE NSOL ITEMS TO THE DATABASE WITH A FREQUENCY OF ALL 
   FOR ALL APPLICABLE ENTITIES

 WRITE RSOL ITEMS TO THE DATABASE WITH A FREQUENCY OF ALL 
   FOR ALL APPLICABLE ENTITIES

 WRITE EANG ITEMS TO THE DATABASE WITH A FREQUENCY OF ALL 
   FOR ALL APPLICABLE ENTITIES

 WRITE ETMP ITEMS TO THE DATABASE WITH A FREQUENCY OF ALL 
   FOR ALL APPLICABLE ENTITIES

 WRITE VENG ITEMS TO THE DATABASE WITH A FREQUENCY OF ALL 
   FOR ALL APPLICABLE ENTITIES

 WRITE STRS ITEMS TO THE DATABASE WITH A FREQUENCY OF ALL 
   FOR ALL APPLICABLE ENTITIES

 WRITE EPEL ITEMS TO THE DATABASE WITH A FREQUENCY OF ALL 
   FOR ALL APPLICABLE ENTITIES

 WRITE EPPL ITEMS TO THE DATABASE WITH A FREQUENCY OF ALL 
   FOR ALL APPLICABLE ENTITIES

 WRITE CONT ITEMS TO THE DATABASE WITH A FREQUENCY OF ALL 
   FOR ALL APPLICABLE ENTITIES

 *GET  ANSINTER_  FROM  ACTI  ITEM=INT        VALUE=  0.00000000    

 *IF  ANSINTER_                         ( =   0.00000     )  NE  
      0                                 ( =   0.00000     )  THEN    

 *ENDIF

 *** NOTE ***                            CP =       1.531   TIME= 21:00:15
 The automatic domain decomposition logic has selected the MESH domain   
 decomposition method with 2 processes per solution.                     

 *****  MAPDL SOLVE    COMMAND  *****

 *** WARNING ***                         CP =       1.578   TIME= 21:00:15
 Element shape checking is currently inactive.  Issue SHPP,ON or         
 SHPP,WARN to reactivate, if desired.                                    

 *** NOTE ***                            CP =       1.891   TIME= 21:00:15
 The model data was checked and warning messages were found.             
  Please review output or errors file ( C:\Users\Admin\Desktop\master    
 thesis\ANSYS\_ProjectScratch\ScrF3A5\file0.err ) for these warning      
 messages.                                                               

 *** SELECTION OF ELEMENT TECHNOLOGIES FOR APPLICABLE ELEMENTS ***
      --- GIVE SUGGESTIONS AND RESET THE KEY OPTIONS ---

 ELEMENT TYPE         1 IS SOLID186. KEYOPT(2)=0 IS SUGGESTED AND HAS BEEN RESET.
  KEYOPT(1-12)=    0    0    0    0    0    0    0    0    0    0    0    0



 *** MAPDL - ENGINEERING ANALYSIS SYSTEM  RELEASE 2022 R2          22.2     ***
 Ansys Mechanical Enterprise Academic Student      
 00000000  VERSION=WINDOWS x64   21:00:15  JAN 14, 2023 CP=      1.906

 bending_beam_self_study--Static Structural (F5)                               



                       S O L U T I O N   O P T I O N S

   PROBLEM DIMENSIONALITY. . . . . . . . . . . . .3-D                  
   DEGREES OF FREEDOM. . . . . . UX   UY   UZ   ROTX ROTY ROTZ
   ANALYSIS TYPE . . . . . . . . . . . . . . . . .STATIC (STEADY-STATE)
   OFFSET TEMPERATURE FROM ABSOLUTE ZERO . . . . .  273.15    
   EQUATION SOLVER OPTION. . . . . . . . . . . . .PCG                
      TOLERANCE. . . . . . . . . . . . . . . . . . 1.00000E-08
   GLOBALLY ASSEMBLED MATRIX . . . . . . . . . . .SYMMETRIC  

 *** NOTE ***                            CP =       1.938   TIME= 21:00:15
 The conditions for direct assembly have been met.  No .emat or .erot    
 files will be produced.                                                 

 *** NOTE ***                            CP =       1.984   TIME= 21:00:16
 Internal nodes from 119346 to 119346 are created.                       
 1 internal nodes are used for handling degrees of freedom on pilot      
 nodes of rigid target surfaces.                                         

 *** NOTE ***                            CP =       2.016   TIME= 21:00:16
 Internal nodes from 119346 to 119346 are created.                       
 1 internal nodes are used for handling degrees of freedom on pilot      
 nodes of rigid target surfaces.                                         

 *** NOTE ***                            CP =       2.047   TIME= 21:00:16
 Force-distributed-surface identified by real constant set 2 and         
 contact element type 2 has been set up.  The pilot node 119345 is used  
 to apply the force.  Internal MPC will be built.                        
 The used degrees of freedom set is  UX   UY   UZ   ROTX ROTY ROTZ
 Please verify constraints (including rotational degrees of freedom)
  on the pilot node by yourself.
 ****************************************
  
  
  

 *** NOTE ***                            CP =       2.094   TIME= 21:00:16
 Internal nodes from 119346 to 119346 are created.                       
 1 internal nodes are used for handling degrees of freedom on pilot      
 nodes of rigid target surfaces.                                         

  
  
     D I S T R I B U T E D   D O M A I N   D E C O M P O S E R
  
  ...Number of elements: 20332
  ...Number of nodes:    119346
  ...Decompose to 2 CPU domains
  ...Element load balance ratio =     1.000


                      L O A D   S T E P   O P T I O N S

   LOAD STEP NUMBER. . . . . . . . . . . . . . . .     1
   TIME AT END OF THE LOAD STEP. . . . . . . . . .  1.0000    
   NUMBER OF SUBSTEPS. . . . . . . . . . . . . . .     1
   STEP CHANGE BOUNDARY CONDITIONS . . . . . . . .    NO
   PRINT OUTPUT CONTROLS . . . . . . . . . . . . .NO PRINTOUT
   DATABASE OUTPUT CONTROLS
      ITEM     FREQUENCY   COMPONENT
       ALL       NONE               
      NSOL        ALL               
      RSOL        ALL               
      EANG        ALL               
      ETMP        ALL               
      VENG        ALL               
      STRS        ALL               
      EPEL        ALL               
      EPPL        ALL               
      CONT        ALL               


 SOLUTION MONITORING INFO IS WRITTEN TO FILE= file.mntr                                                                                                                                                                                                                                                           

 *** NOTE ***                            CP =       2.422   TIME= 21:00:16
 Force-distributed-surface identified by real constant set 2 and         
 contact element type 2 has been set up.  The pilot node 119345 is used  
 to apply the force.  Internal MPC will be built.                        
 The used degrees of freedom set is  UX   UY   UZ   ROTX ROTY ROTZ
 Please verify constraints (including rotational degrees of freedom)
  on the pilot node by yourself.
 ****************************************
  


 *** NOTE ***                            CP =       2.469   TIME= 21:00:16
 The PCG solver has automatically set the level of difficulty for this   
 model to 1.                                                             
  
 The FEA model contains 0 external CE equations and 6 internal CE        
 equations.                                                              


                         ***********  PRECISE MASS SUMMARY  ***********

   TOTAL RIGID BODY MASS MATRIX ABOUT ORIGIN
               Translational mass               |   Coupled translational/rotational mass
         1.1657        0.0000        0.0000     |     0.0000       0.25703E-09   0.11398E-07
         0.0000        1.1657        0.0000     |   -0.25703E-09    0.0000        2914.3    
         0.0000        0.0000        1.1657     |   -0.11398E-07   -2914.3        0.0000    
     ------------------------------------------ | ------------------------------------------
                                                |         Rotational mass (inertia)
                                                |     28660.       0.27711E-04  -0.53539E-05
                                                |    0.27711E-04   0.97222E+07  -0.34986E-05
                                                |   -0.53539E-05  -0.34986E-05   0.97352E+07

   TOTAL MASS =  1.1657    
     The mass principal axes coincide with the global Cartesian axes

   CENTER OF MASS (X,Y,Z)=    2500.0      -0.97778E-08   0.22049E-09

   TOTAL INERTIA ABOUT CENTER OF MASS
         28660.      -0.78474E-06  -0.47113E-05
       -0.78474E-06   0.24364E+07  -0.34986E-05
       -0.47113E-05  -0.34986E-05   0.24495E+07
     The inertia principal axes coincide with the global Cartesian axes


  *** MASS SUMMARY BY ELEMENT TYPE ***

  TYPE      MASS
     1   1.16572    

 Range of element maximum matrix coefficients in global coordinates
 Maximum = 3984234.55 at element 17.                                     
 Minimum = 3780640.15 at element 8339.                                   

   *** ELEMENT MATRIX FORMULATION TIMES
     TYPE    NUMBER   ENAME      TOTAL CP  AVE CP

        1     20250  SOLID186      5.250   0.000259
        2        81  CONTA174      0.000   0.000000
        3         1  TARGE170      0.000   0.000000
 Time at end of element matrix formulation CP = 5.5625.                  
 Iteration=     5 Ratio=  0.288965     Limit=  1.000000E-08 Wall=     0.2
 Iteration=    55 Ratio=  6.848626E-04 Limit=  1.000000E-08 Wall=     2.6
 Iteration=   145 Ratio=  2.962494E-06 Limit=  1.000000E-08 Wall=     6.6

 DISTRIBUTED PCG SOLVER SOLUTION CONVERGED

 DISTRIBUTED PCG SOLVER SOLUTION STATISTICS

   NUMBER OF ITERATIONS=         253
   NUMBER OF EQUATIONS =      358044
   LEVEL OF CONVERGENCE=           1
   CALCULATED NORM     = 0.89293E-08
   SPECIFIED TOLERANCE = 0.10000E-07
   TOTAL CPU TIME (sec)=       12.42
   TOTAL WALL TIME(sec)=       12.70
   TOTAL MEMORY (GB)   =        0.24


   *** ELEMENT RESULT CALCULATION TIMES
     TYPE    NUMBER   ENAME      TOTAL CP  AVE CP

        1     20250  SOLID186      2.609   0.000129
        2        81  CONTA174      0.000   0.000000

   *** NODAL LOAD CALCULATION TIMES
     TYPE    NUMBER   ENAME      TOTAL CP  AVE CP

        1     20250  SOLID186      0.547   0.000027
        2        81  CONTA174      0.000   0.000000
 *** LOAD STEP     1   SUBSTEP     1  COMPLETED.    CUM ITER =      1
 *** TIME =   1.00000         TIME INC =   1.00000      NEW TRIANG MATRIX


 *** MAPDL BINARY FILE STATISTICS
  BUFFER SIZE USED= 16384
       18.562 MB WRITTEN ON ELEMENT SAVED DATA FILE: file0.esav
       13.438 MB WRITTEN ON RESULTS FILE: file0.rst
 *************** Write FE CONNECTORS *********

 WRITE OUT CONSTRAINT EQUATIONS TO FILE= file.ce                                                                                                                                                                                                                                                             
 ****************************************************
 *************** FINISHED SOLVE FOR LS 1 *************

 *GET  _WALLASOL  FROM  ACTI  ITEM=TIME WALL  VALUE=  21.0097222    

 PRINTOUT RESUMED BY /GOP

 *GET  _PCGITER  FROM  ACTI  ITEM=SOLU CGIT  VALUE=  253.000000    

 FINISH SOLUTION PROCESSING


 ***** ROUTINE COMPLETED *****  CP =        20.625



 *** MAPDL - ENGINEERING ANALYSIS SYSTEM  RELEASE 2022 R2          22.2     ***
 Ansys Mechanical Enterprise Academic Student      
 00000000  VERSION=WINDOWS x64   21:00:35  JAN 14, 2023 CP=     20.625

 bending_beam_self_study--Static Structural (F5)                               



          ***** MAPDL RESULTS INTERPRETATION (POST1) *****

 *** NOTE ***                            CP =      20.625   TIME= 21:00:35
 Reading results into the database (SET command) will update the current 
 displacement and force boundary conditions in the database with the     
 values from the results file for that load set.  Note that any          
 subsequent solutions will use these values unless action is taken to    
 either SAVE the current values or not overwrite them (/EXIT,NOSAVE).    

 Set Encoding of XML File to:ISO-8859-1

 Set Output of XML File to:
     PARM,     ,     ,     ,     ,     ,     ,     ,     ,     ,     ,     ,
         ,     ,     ,     ,     ,     ,     ,

 DATABASE WRITTEN ON FILE  parm.xml                                                                                                                                                                                                                                                            

 EXIT THE MAPDL POST1 DATABASE PROCESSOR


 ***** ROUTINE COMPLETED *****  CP =        20.625



 PRINTOUT RESUMED BY /GOP

 *GET  _WALLDONE  FROM  ACTI  ITEM=TIME WALL  VALUE=  21.0097222    

 PARAMETER _PREPTIME =     1.000000000    

 PARAMETER _SOLVTIME =     20.00000000    

 PARAMETER _POSTTIME =     0.000000000    

 PARAMETER _TOTALTIM =     21.00000000    

 *GET  _DLBRATIO  FROM  ACTI  ITEM=SOLU DLBR  VALUE=  1.00009838    

 *GET  _COMBTIME  FROM  ACTI  ITEM=SOLU COMB  VALUE= 0.208955500    

 *GET  _SSMODE   FROM  ACTI  ITEM=SOLU SSMM  VALUE=  0.00000000    

 *GET  _NDOFS    FROM  ACTI  ITEM=SOLU NDOF  VALUE=  357006.000    

 *GET  _SOL_END_TIME  FROM  ACTI  ITEM=SET  TIME  VALUE=  1.00000000    

 *IF  _sol_end_time                     ( =   1.00000     )  EQ  
      1.000000                          ( =   1.00000     )  THEN    

 /FCLEAN COMMAND REMOVING ALL LOCAL FILES

 *ENDIF
 --- Total number of nodes = 119345
 --- Total number of elements = 20332
 --- Element load balance ratio = 1.00009838
 --- Time to combine distributed files = 0.2089555
 --- Sparse memory mode = 0
 --- Number of DOF = 357006

 EXIT MAPDL WITHOUT SAVING DATABASE


 NUMBER OF WARNING MESSAGES ENCOUNTERED=          1
 NUMBER OF ERROR   MESSAGES ENCOUNTERED=          0

+--------------------- M A P D L   S T A T I S T I C S ------------------------+

Release: 2022 R2            Build: 22.2       Update: UP20220516   Platform: WINDOWS x64 
Date Run: 01/14/2023   Time: 21:00     Process ID: 4188
Operating System: Windows 10  (Build: 19045)

Processor Model: Intel(R) Core(TM) i5-7200U CPU @ 2.50GHz

Compiler: Intel(R) Fortran Compiler Version 19.0.5  (Build: 20190815)
          Intel(R) C/C++ Compiler Version 19.0.5  (Build: 20190815)
          Intel(R) Math Kernel Library Version 2020.0.0 Product Build 20191125
          BLAS Library supplied by Intel(R) MKL

Number of machines requested            :    1
Total number of cores available         :    4
Number of physical cores available      :    2
Number of processes requested           :    2
Number of threads per process requested :    1
Total number of cores requested         :    2 (Distributed Memory Parallel)               
MPI Type: INTELMPI
MPI Version: Intel(R) MPI Library 2021.5 for Windows* OS


GPU Acceleration: Not Requested

Job Name: file0
Input File: dummy.dat

  Core                Machine Name   Working Directory
 -----------------------------------------------------
     0             DESKTOP-H7DA5IC   C:\Users\Admin\Desktop\master thesis\ANSYS\_ProjectScratch\ScrF3A5
     1             DESKTOP-H7DA5IC   C:\Users\Admin\Desktop\master thesis\ANSYS\_ProjectScratch\ScrF3A5
 
Latency time from master to core     1 =   46.933 microseconds
 
Communication speed from master to core     1 =   336.31 MB/sec

Total CPU time for main thread                    :       20.4 seconds
Total CPU time summed for all threads             :       21.2 seconds

Elapsed time spent obtaining a license            :        0.5 seconds
Elapsed time spent pre-processing model (/PREP7)  :        0.6 seconds
Elapsed time spent solution - preprocessing       :        1.1 seconds
Elapsed time spent computing solution             :       18.3 seconds
Elapsed time spent solution - postprocessing      :        0.2 seconds
Elapsed time spent post-processing model (/POST1) :        0.0 seconds
 
Equation solver used                              :            PCG (symmetric)
Equation solver computational rate                :        3.2 Gflops

Sum of memory used on all processes               :      749.0 MB
Sum of memory allocated on all processes          :     3136.0 MB
Physical memory available                         :          8 GB

Total amount of I/O written to disk               :        0.1 GB
Total amount of I/O read from disk                :        0.1 GB

+------------------ E N D   M A P D L   S T A T I S T I C S -------------------+


 *---------------------------------------------------------------------------*
 |                                                                           |
 |                               RUN COMPLETED                               |
 |                                                                           |
 |---------------------------------------------------------------------------|
 |                                                                           |
 |  Ansys MAPDL 2022 R2         Build 22.2         UP20220516    WINDOWS x64 |
 |                                                                           |
 |---------------------------------------------------------------------------|
 |                                                                           |
 | Database Requested(-db)  1024 MB    Scratch Memory Requested      1024 MB |
 | Maximum Database Used      62 MB    Maximum Scratch Memory Used    409 MB |
 |                                                                           |
 |---------------------------------------------------------------------------|
 |                                                                           |
 |        CP Time      (sec) =         21.156       Time  =  21:00:36        |
 |        Elapsed Time (sec) =         24.000       Date  =  01/14/2023      |
 |                                                                           |
 *---------------------------------------------------------------------------*
