
 Ansys Mechanical Enterprise Academic Student      


 *------------------------------------------------------------------*
 |                                                                  |
 |   W E L C O M E   T O   T H E   A N S Y S (R)  P R O G R A M     |
 |                                                                  |
 *------------------------------------------------------------------*




 ***************************************************************
 *         ANSYS MAPDL 2022 R2          LEGAL NOTICES          *
 ***************************************************************
 *                                                             *
 * Copyright 1971-2022 Ansys, Inc.  All rights reserved.       *
 * Unauthorized use, distribution or duplication is            *
 * prohibited.                                                 *
 *                                                             *
 * Ansys is a registered trademark of Ansys, Inc. or its       *
 * subsidiaries in the United States or other countries.       *
 * See the Ansys, Inc. online documentation or the Ansys, Inc. *
 * documentation CD or online help for the complete Legal      *
 * Notice.                                                     *
 *                                                             *
 ***************************************************************
 *                                                             *
 * THIS ANSYS SOFTWARE PRODUCT AND PROGRAM DOCUMENTATION       *
 * INCLUDE TRADE SECRETS AND CONFIDENTIAL AND PROPRIETARY      *
 * PRODUCTS OF ANSYS, INC., ITS SUBSIDIARIES, OR LICENSORS.    *
 * The software products and documentation are furnished by    *
 * Ansys, Inc. or its subsidiaries under a software license    *
 * agreement that contains provisions concerning               *
 * non-disclosure, copying, length and nature of use,          *
 * compliance with exporting laws, warranties, disclaimers,    *
 * limitations of liability, and remedies, and other           *
 * provisions.  The software products and documentation may be *
 * used, disclosed, transferred, or copied only in accordance  *
 * with the terms and conditions of that software license      *
 * agreement.                                                  *
 *                                                             *
 * Ansys, Inc. is a UL registered                              *
 * ISO 9001:2015 company.                                      *
 *                                                             *
 ***************************************************************
 *                                                             *
 * This product is subject to U.S. laws governing export and   *
 * re-export.                                                  *
 *                                                             *
 * For U.S. Government users, except as specifically granted   *
 * by the Ansys, Inc. software license agreement, the use,     *
 * duplication, or disclosure by the United States Government  *
 * is subject to restrictions stated in the Ansys, Inc.        *
 * software license agreement and FAR 12.212 (for non-DOD      *
 * licenses).                                                  *
 *                                                             *
 ***************************************************************

 2022 R2 
     
 Point Releases and Patches installed:   
     
 Ansys, Inc. Products 2022 R2
 Autodyn 2022 R2 
 SpaceClaim 2022 R2  
 CFX (includes CFD-Post) 2022 R2 
 Chemkin 2022 R2 
 EnSight 2022 R2 
 FENSAP-ICE 2022 R2  
 Fluent (includes CFD-Post) 2022 R2  
 Polyflow (includes CFD-Post) 2022 R2
 Forte (includes EnSight) 2022 R2
 TurboGrid 2022 R2   
 Aqwa 2022 R2
 Mechanical Products 2022 R2 
 ACIS Geometry Interface 2022 R2 
 AutoCAD Geometry Interface 2022 R2  
 Catia, Version 4 Geometry Interface 2022 R2 
 Catia, Version 5 Geometry Interface 2022 R2 
 Catia, Version 6 Geometry Interface 2022 R2 
 Creo Elements/Direct Modeling Geometry Interface 2022 R2
 Creo Parametric Geometry Interface 2022 R2  
 Inventor Geometry Interface 2022 R2 
 JTOpen Geometry Interface 2022 R2   
 NX Geometry Interface 2022 R2   
 Parasolid Geometry Interface  2022 R2   
 Solid Edge Geometry Interface 2022 R2   
 SOLIDWORKS Geometry Interface 2022 R2   
 Academic Student 2022 R2


          *****  MAPDL COMMAND LINE ARGUMENTS  *****
  BATCH MODE REQUESTED (-b)    = NOLIST
  INPUT FILE COPY MODE (-c)    = COPY
  DISTRIBUTED MEMORY PARALLEL REQUESTED
       2 PARALLEL PROCESSES REQUESTED WITH SINGLE THREAD PER PROCESS
    TOTAL OF     2 CORES REQUESTED
  INPUT FILE NAME              = C:\Users\Admin\PycharmProjects\Github\thesis_files\master thesisio\ansys\_ProjectScratch\ScrBBEC\dummy.dat
  OUTPUT FILE NAME             = C:\Users\Admin\PycharmProjects\Github\thesis_files\master thesisio\ansys\_ProjectScratch\ScrBBEC\solve.out
  START-UP FILE MODE           = NOREAD
  STOP FILE MODE               = NOREAD

 RELEASE= 2022 R2              BUILD= 22.2      UP20220516   VERSION=WINDOWS x64 
 CURRENT JOBNAME=file0  08:03:34  FEB 14, 2023 CP=      0.141


 PARAMETER _DS_PROGRESS =     999.0000000    

 /INPUT FILE= ds.dat  LINE=       0



 *** NOTE ***                            CP =       0.312   TIME= 08:03:35
 The /CONFIG,NOELDB command is not valid in a distributed memory         
 parallel solution.  Command is ignored.                                 

 *GET  _WALLSTRT  FROM  ACTI  ITEM=TIME WALL  VALUE=  8.05972222    

 TITLE= 
 new_thesis_simply_supported_beam--Static Structural (C5)                      

  ACT Extensions:
      LSDYNA, 2022.2
      5f463412-bd3e-484b-87e7-cbc0a665e474, wbex
 /COM,     ANSYSMotion, 2022.2
      20180725-3f81-49eb-9f31-41364844c769, wbex
  

 SET PARAMETER DIMENSIONS ON  _WB_PROJECTSCRATCH_DIR
  TYPE=STRI  DIMENSIONS=      248        1        1

 PARAMETER _WB_PROJECTSCRATCH_DIR(1) = C:\Users\Admin\PycharmProjects\Github\thesis_files\master thesisio\ansys\_ProjectScratch\ScrBBEC\

 SET PARAMETER DIMENSIONS ON  _WB_SOLVERFILES_DIR
  TYPE=STRI  DIMENSIONS=      248        1        1

 PARAMETER _WB_SOLVERFILES_DIR(1) = C:\Users\Admin\PycharmProjects\Github\thesis_files\master thesisio\ansys\new_thesis_simply_supported_beam_files\dp0\SYS-2\MECH\

 SET PARAMETER DIMENSIONS ON  _WB_USERFILES_DIR
  TYPE=STRI  DIMENSIONS=      248        1        1

 PARAMETER _WB_USERFILES_DIR(1) = C:\Users\Admin\PycharmProjects\Github\thesis_files\master thesisio\ansys\new_thesis_simply_supported_beam_files\user_files\
 --- Data in consistent NMM units. See Solving Units in the help system for more

 MPA UNITS SPECIFIED FOR INTERNAL    
  LENGTH      = MILLIMETERS (mm)
  MASS        = TONNE (Mg)
  TIME        = SECONDS (sec)
  TEMPERATURE = CELSIUS (C)
  TOFFSET     = 273.0
  FORCE       = NEWTON (N)
  HEAT        = MILLIJOULES (mJ)

 INPUT  UNITS ARE ALSO SET TO MPA 

 *** MAPDL - ENGINEERING ANALYSIS SYSTEM  RELEASE 2022 R2          22.2     ***
 Ansys Mechanical Enterprise Academic Student      
 00000000  VERSION=WINDOWS x64   08:03:35  FEB 14, 2023 CP=      0.312

 new_thesis_simply_supported_beam--Static Structural (C5)                      



          ***** MAPDL ANALYSIS DEFINITION (PREP7) *****
 *********** Nodes for the whole assembly ***********
 *********** Elements for Body 1 "Solid" ***********
 *********** Send User Defined Coordinate System(s) ***********
 *********** Set Reference Temperature ***********
 *********** Send Materials ***********
 *********** Send Named Selection as Node Component ***********
 *********** Send Named Selection as Node Component ***********
 *********** Send Named Selection as Node Component ***********
 *********** Fixed Supports ***********
 ******* Constant Zero Displacement Y *******
 ******* Constant Zero Displacement Z *******
 *********** Define Force Using Surface Effect Elements ***********

 LIST DATA TABLE  PLAS  FOR MATERIAL      1

 *** MAPDL - ENGINEERING ANALYSIS SYSTEM  RELEASE 2022 R2          22.2     ***
 Ansys Mechanical Enterprise Academic Student      
 00000000  VERSION=WINDOWS x64   08:03:35  FEB 14, 2023 CP=      0.438

 new_thesis_simply_supported_beam--Static Structural (C5)                      



               PLASTIC  (PLAS) Table For Material     1
               ISOTROPIC HARDENING PLASTICITY                                                  

                     1 
 Temps     2.2000000e+01 
      PlStrain       Stress  
 0.0000000e+00 2.5000000e+02 
 1.9900000e-03 2.5080000e+02 
 2.2400000e-03 2.5510000e+02 
 2.5200000e-03 2.5940000e+02 
 2.8200000e-03 2.6370000e+02 
 3.1500000e-03 2.6800000e+02 
 3.5200000e-03 2.7230000e+02 
 3.9300000e-03 2.7660000e+02 
 4.3700000e-03 2.8100000e+02 
 4.8600000e-03 2.8540000e+02 
 5.3900000e-03 2.8980000e+02 
 5.9700000e-03 2.9420000e+02 
 7.6500000e-03 3.0530000e+02 
 9.7400000e-03 3.1650000e+02 
 1.5370000e-02 3.3970000e+02 
 2.3570000e-02 3.6410000e+02 
 3.5190000e-02 3.9020000e+02 
 5.1270000e-02 4.1870000e+02 
 7.3020000e-02 4.5060000e+02 
 1.0178000e-01 4.8720000e+02 
 1.1923000e-01 5.0760000e+02 
 1.3898000e-01 5.2990000e+02 



 ***** ROUTINE COMPLETED *****  CP =         0.438


 --- Number of total nodes = 9065
 --- Number of contact elements = 4
 --- Number of spring elements = 0
 --- Number of bearing elements = 0
 --- Number of solid elements = 1600
 --- Number of condensed parts = 0
 --- Number of total elements = 1604

 *GET  _WALLBSOL  FROM  ACTI  ITEM=TIME WALL  VALUE=  8.05972222    
 ****************************************************************************
 *************************    SOLUTION       ********************************
 ****************************************************************************

 *****  MAPDL SOLUTION ROUTINE  *****


 PERFORM A STATIC ANALYSIS
  THIS WILL BE A NEW ANALYSIS

 LARGE DEFORMATION ANALYSIS

 PARAMETER _THICKRATIO =     1.000000000    

 USE PRECONDITIONED CONJUGATE GRADIENT SOLVER
  CONVERGENCE TOLERANCE = 1.00000E-08
  MAXIMUM ITERATION     = NumNode*DofPerNode*  1.0000    

 CONTACT INFORMATION PRINTOUT LEVEL       1

 DO NOT COMBINE ELEMENT MATRIX FILES (.emat) AFTER DISTRIBUTED PARALLEL SOLUTION

 DO NOT COMBINE ELEMENT SAVE DATA FILES (.esav) AFTER DISTRIBUTED PARALLEL SOLUTION

 NLDIAG: Nonlinear diagnostics CONT option is set to ON. 
         Writing frequency : each ITERATION.

 DEFINE RESTART CONTROL FOR LOADSTEP LAST
 AT FREQUENCY OF LAST AND NUMBER FOR OVERWRITE IS   -1

 DELETE RESTART FILES OF ENDSTEP
 ****************************************************
 ******************* SOLVE FOR LS 1 OF 2 ****************

 SELECT       FOR ITEM=TYPE COMPONENT=    
  IN RANGE         2 TO          2 STEP          1

          4  ELEMENTS (OF       1604  DEFINED) SELECTED BY  ESEL  COMMAND.

 SELECT      ALL NODES HAVING ANY ELEMENT IN ELEMENT SET.

          9 NODES (OF       9065  DEFINED) SELECTED FROM
        4 SELECTED ELEMENTS BY NSLE COMMAND.

 SPECIFIED SURFACE LOAD PRES FOR ALL SELECTED ELEMENTS  LKEY =  1   KVAL = 1
     VALUES =     0.0000         0.0000         0.0000         0.0000    

 SPECIFIED SURFACE LOAD PRES FOR ALL SELECTED ELEMENTS  LKEY =  2   KVAL = 1
      SET ACCORDING TO TABLE PARAMETER = _LOADVARI141Y                   

 SPECIFIED SURFACE LOAD PRES FOR ALL SELECTED ELEMENTS  LKEY =  3   KVAL = 1
     VALUES =     0.0000         0.0000         0.0000         0.0000    

 ALL SELECT   FOR ITEM=NODE COMPONENT=    
  IN RANGE         1 TO       9065 STEP          1

       9065  NODES (OF       9065  DEFINED) SELECTED BY NSEL  COMMAND.

 ALL SELECT   FOR ITEM=ELEM COMPONENT=    
  IN RANGE         1 TO       3236 STEP          1

       1604  ELEMENTS (OF       1604  DEFINED) SELECTED BY  ESEL  COMMAND.

 PRINTOUT RESUMED BY /GOP

 USE AUTOMATIC TIME STEPPING THIS LOAD STEP

 USE      30 SUBSTEPS INITIALLY THIS LOAD STEP FOR ALL  DEGREES OF FREEDOM
 FOR AUTOMATIC TIME STEPPING:
   USE    100 SUBSTEPS AS A MAXIMUM
   USE     30 SUBSTEPS AS A MINIMUM

 TIME=  1.0000    

 ERASE THE CURRENT DATABASE OUTPUT CONTROL TABLE.


 WRITE ALL  ITEMS TO THE DATABASE WITH A FREQUENCY OF NONE
   FOR ALL APPLICABLE ENTITIES

 WRITE NSOL ITEMS TO THE DATABASE WITH A FREQUENCY OF ALL 
   FOR ALL APPLICABLE ENTITIES

 WRITE RSOL ITEMS TO THE DATABASE WITH A FREQUENCY OF ALL 
   FOR ALL APPLICABLE ENTITIES

 WRITE EANG ITEMS TO THE DATABASE WITH A FREQUENCY OF ALL 
   FOR ALL APPLICABLE ENTITIES

 WRITE ETMP ITEMS TO THE DATABASE WITH A FREQUENCY OF ALL 
   FOR ALL APPLICABLE ENTITIES

 WRITE VENG ITEMS TO THE DATABASE WITH A FREQUENCY OF ALL 
   FOR ALL APPLICABLE ENTITIES

 WRITE STRS ITEMS TO THE DATABASE WITH A FREQUENCY OF ALL 
   FOR ALL APPLICABLE ENTITIES

 WRITE EPEL ITEMS TO THE DATABASE WITH A FREQUENCY OF ALL 
   FOR ALL APPLICABLE ENTITIES

 WRITE EPPL ITEMS TO THE DATABASE WITH A FREQUENCY OF ALL 
   FOR ALL APPLICABLE ENTITIES

 WRITE CONT ITEMS TO THE DATABASE WITH A FREQUENCY OF ALL 
   FOR ALL APPLICABLE ENTITIES

 *GET  ANSINTER_  FROM  ACTI  ITEM=INT        VALUE=  0.00000000    

 *IF  ANSINTER_                         ( =   0.00000     )  NE  
      0                                 ( =   0.00000     )  THEN    

 *ENDIF

 *** NOTE ***                            CP =       0.469   TIME= 08:03:35
 The automatic domain decomposition logic has selected the MESH domain   
 decomposition method with 2 processes per solution.                     

 *****  MAPDL SOLVE    COMMAND  *****

 *** WARNING ***                         CP =       0.469   TIME= 08:03:35
 Element shape checking is currently inactive.  Issue SHPP,ON or         
 SHPP,WARN to reactivate, if desired.                                    

 *** NOTE ***                            CP =       0.500   TIME= 08:03:35
 The model data was checked and warning messages were found.             
  Please review output or errors file (                                  
 C:\Users\Admin\PycharmProjects\Github\thesis_files\master               
 thesisio\ansys\_ProjectScratch\ScrBBEC\file0.err ) for these warning    
 messages.                                                               

 *** SELECTION OF ELEMENT TECHNOLOGIES FOR APPLICABLE ELEMENTS ***
      --- GIVE SUGGESTIONS AND RESET THE KEY OPTIONS ---

 ELEMENT TYPE         1 IS SOLID186. KEYOPT(2)=0 IS SUGGESTED AND HAS BEEN RESET.
  KEYOPT(1-12)=    0    0    0    0    0    0    0    0    0    0    0    0



 *** MAPDL - ENGINEERING ANALYSIS SYSTEM  RELEASE 2022 R2          22.2     ***
 Ansys Mechanical Enterprise Academic Student      
 00000000  VERSION=WINDOWS x64   08:03:35  FEB 14, 2023 CP=      0.500

 new_thesis_simply_supported_beam--Static Structural (C5)                      



                       S O L U T I O N   O P T I O N S

   PROBLEM DIMENSIONALITY. . . . . . . . . . . . .3-D                  
   DEGREES OF FREEDOM. . . . . . UX   UY   UZ  
   ANALYSIS TYPE . . . . . . . . . . . . . . . . .STATIC (STEADY-STATE)
   OFFSET TEMPERATURE FROM ABSOLUTE ZERO . . . . .  273.15    
   NONLINEAR GEOMETRIC EFFECTS . . . . . . . . . .ON
   EQUATION SOLVER OPTION. . . . . . . . . . . . .PCG                
      TOLERANCE. . . . . . . . . . . . . . . . . . 1.00000E-08
   PLASTIC MATERIAL PROPERTIES INCLUDED. . . . . .YES
   NEWTON-RAPHSON OPTION . . . . . . . . . . . . .PROGRAM CHOSEN   
   GLOBALLY ASSEMBLED MATRIX . . . . . . . . . . .SYMMETRIC  

 *** WARNING ***                         CP =       0.500   TIME= 08:03:35
 Material number 2 (used by element 3233) should normally have at least  
 one MP or one TB type command associated with it.  Output of energy by  
 material may not be available.                                          

 *** NOTE ***                            CP =       0.500   TIME= 08:03:35
 The step data was checked and warning messages were found.              
  Please review output or errors file (                                  
 C:\Users\Admin\PycharmProjects\Github\thesis_files\master               
 thesisio\ansys\_ProjectScratch\ScrBBEC\file0.err ) for these warning    
 messages.                                                               

 *** NOTE ***                            CP =       0.500   TIME= 08:03:35
 This nonlinear analysis defaults to using the full Newton-Raphson       
 solution procedure.  This can be modified using the NROPT command.      

  
  
     D I S T R I B U T E D   D O M A I N   D E C O M P O S E R
  
  ...Number of elements: 1604
  ...Number of nodes:    9065
  ...Decompose to 2 CPU domains
  ...Element load balance ratio =     1.002


                      L O A D   S T E P   O P T I O N S

   LOAD STEP NUMBER. . . . . . . . . . . . . . . .     1
   TIME AT END OF THE LOAD STEP. . . . . . . . . .  1.0000    
   AUTOMATIC TIME STEPPING . . . . . . . . . . . .    ON
      INITIAL NUMBER OF SUBSTEPS . . . . . . . . .    30
      MAXIMUM NUMBER OF SUBSTEPS . . . . . . . . .   100
      MINIMUM NUMBER OF SUBSTEPS . . . . . . . . .    30
   MAXIMUM NUMBER OF EQUILIBRIUM ITERATIONS. . . .    15
   STEP CHANGE BOUNDARY CONDITIONS . . . . . . . .    NO
   STRESS-STIFFENING . . . . . . . . . . . . . . .    ON
   TERMINATE ANALYSIS IF NOT CONVERGED . . . . . .YES (EXIT)  
   CONVERGENCE CONTROLS. . . . . . . . . . . . . .USE DEFAULTS
   COPY INTEGRATION POINT VALUES TO NODE . . . . .YES, FOR ELEMENTS WITH
                                                  ACTIVE MAT. NONLINEARITIES
   PRINT OUTPUT CONTROLS . . . . . . . . . . . . .NO PRINTOUT
   DATABASE OUTPUT CONTROLS
      ITEM     FREQUENCY   COMPONENT
       ALL       NONE               
      NSOL        ALL               
      RSOL        ALL               
      EANG        ALL               
      ETMP        ALL               
      VENG        ALL               
      STRS        ALL               
      EPEL        ALL               
      EPPL        ALL               
      CONT        ALL               


 SOLUTION MONITORING INFO IS WRITTEN TO FILE= file.mntr                                                                                                                                                                                                                                                           
 MAXIMUM NUMBER OF EQUILIBRIUM ITERATIONS HAS BEEN MODIFIED              
  TO BE, NEQIT = 22, BY SOLUTION CONTROL LOGIC.                          


 *** NOTE ***                            CP =       0.922   TIME= 08:03:35
 The PCG solver has automatically set the level of difficulty for this   
 model to 1.                                                             

 Range of element maximum matrix coefficients in global coordinates
 Maximum = 1914529.91 at element 2.                                      
 Minimum = 1914529.91 at element 1591.                                   

   *** ELEMENT MATRIX FORMULATION TIMES
     TYPE    NUMBER   ENAME      TOTAL CP  AVE CP

        1      1600  SOLID186      0.547   0.000342
        2         4  SURF156       0.000   0.000000
 Time at end of element matrix formulation CP = 1.234375.                

 ALL CURRENT MAPDL DATA WRITTEN TO FILE NAME= file.rdb
  FOR POSSIBLE RESUME FROM THIS POINT
     FORCE CONVERGENCE VALUE  =   245.3      CRITERION=   1.252    
 Iteration=    30 Ratio=  0.296184     Limit=  1.000000E-08 Wall=     0.1
 Iteration=    65 Ratio=  5.766942E-04 Limit=  1.000000E-08 Wall=     0.4
 Iteration=    95 Ratio=  2.284547E-06 Limit=  1.000000E-08 Wall=     0.5

 DISTRIBUTED PCG SOLVER SOLUTION CONVERGED

 DISTRIBUTED PCG SOLVER SOLUTION STATISTICS

   NUMBER OF ITERATIONS=         125
   NUMBER OF EQUATIONS =       27195
   LEVEL OF CONVERGENCE=           1
   CALCULATED NORM     = 0.89302E-08
   SPECIFIED TOLERANCE = 0.10000E-07
   TOTAL CPU TIME (sec)=        0.78
   TOTAL WALL TIME(sec)=        0.82
   TOTAL MEMORY (GB)   =        0.02

     DISP CONVERGENCE VALUE   =  0.3118      CRITERION=  0.1591E-01
    EQUIL ITER   1 COMPLETED.  NEW TRIANG MATRIX.  MAX DOF INC= -0.3118    
     FORCE CONVERGENCE VALUE  =   366.2      CRITERION=   1.525    
     DISP CONVERGENCE VALUE   =  0.2309E-03  CRITERION=  0.1623E-01 <<< CONVERGED
    EQUIL ITER   2 COMPLETED.  NEW TRIANG MATRIX.  MAX DOF INC= -0.2309E-03
     FORCE CONVERGENCE VALUE  =  0.5363E-03  CRITERION=   1.588     <<< CONVERGED
    >>> SOLUTION CONVERGED AFTER EQUILIBRIUM ITERATION   2

   *** ELEMENT RESULT CALCULATION TIMES
     TYPE    NUMBER   ENAME      TOTAL CP  AVE CP

        1      1600  SOLID186      0.344   0.000215
        2         4  SURF156       0.000   0.000000

   *** NODAL LOAD CALCULATION TIMES
     TYPE    NUMBER   ENAME      TOTAL CP  AVE CP

        1      1600  SOLID186      0.016   0.000010
        2         4  SURF156       0.000   0.000000
 *** LOAD STEP     1   SUBSTEP     1  COMPLETED.    CUM ITER =      2
 *** TIME =  0.333333E-01     TIME INC =  0.333333E-01
 *** AUTO STEP TIME:  NEXT TIME INC = 0.33333E-01  UNCHANGED

     FORCE CONVERGENCE VALUE  =   732.5      CRITERION=   2.989    
     DISP CONVERGENCE VALUE   =  0.4618E-03  CRITERION=  0.1591E-01 <<< CONVERGED
    EQUIL ITER   1 COMPLETED.  NEW TRIANG MATRIX.  MAX DOF INC= -0.4618E-03
     FORCE CONVERGENCE VALUE  =  0.2087E-02  CRITERION=   3.113     <<< CONVERGED
    >>> SOLUTION CONVERGED AFTER EQUILIBRIUM ITERATION   1
 *** LOAD STEP     1   SUBSTEP     2  COMPLETED.    CUM ITER =      3
 *** TIME =  0.666667E-01     TIME INC =  0.333333E-01
 *** AUTO STEP TIME:  NEXT TIME INC = 0.33333E-01  UNCHANGED

     FORCE CONVERGENCE VALUE  =   732.6      CRITERION=   4.512    
     DISP CONVERGENCE VALUE   =  0.4620E-03  CRITERION=  0.1591E-01 <<< CONVERGED
    EQUIL ITER   1 COMPLETED.  NEW TRIANG MATRIX.  MAX DOF INC= -0.4620E-03
     FORCE CONVERGENCE VALUE  =  0.2984E-02  CRITERION=   4.669     <<< CONVERGED
    >>> SOLUTION CONVERGED AFTER EQUILIBRIUM ITERATION   1
 *** LOAD STEP     1   SUBSTEP     3  COMPLETED.    CUM ITER =      4
 *** TIME =  0.100000         TIME INC =  0.333333E-01
 *** AUTO STEP TIME:  NEXT TIME INC = 0.33333E-01  UNCHANGED

     FORCE CONVERGENCE VALUE  =   732.8      CRITERION=   6.036    
     DISP CONVERGENCE VALUE   =  0.4621E-03  CRITERION=  0.1592E-01 <<< CONVERGED
    EQUIL ITER   1 COMPLETED.  NEW TRIANG MATRIX.  MAX DOF INC= -0.4621E-03
     FORCE CONVERGENCE VALUE  =  0.3909E-02  CRITERION=   6.225     <<< CONVERGED
    >>> SOLUTION CONVERGED AFTER EQUILIBRIUM ITERATION   1
 *** LOAD STEP     1   SUBSTEP     4  COMPLETED.    CUM ITER =      5
 *** TIME =  0.133333         TIME INC =  0.333333E-01
 *** AUTO STEP TIME:  NEXT TIME INC = 0.33333E-01  UNCHANGED

     FORCE CONVERGENCE VALUE  =   733.0      CRITERION=   7.560    
     DISP CONVERGENCE VALUE   =  0.4623E-03  CRITERION=  0.1592E-01 <<< CONVERGED
    EQUIL ITER   1 COMPLETED.  NEW TRIANG MATRIX.  MAX DOF INC= -0.4623E-03
     FORCE CONVERGENCE VALUE  =  0.4847E-02  CRITERION=   7.782     <<< CONVERGED
    >>> SOLUTION CONVERGED AFTER EQUILIBRIUM ITERATION   1
 *** LOAD STEP     1   SUBSTEP     5  COMPLETED.    CUM ITER =      6
 *** TIME =  0.166667         TIME INC =  0.333333E-01
 *** AUTO STEP TIME:  NEXT TIME INC = 0.33333E-01  UNCHANGED

     FORCE CONVERGENCE VALUE  =   733.2      CRITERION=   9.085    
     DISP CONVERGENCE VALUE   =  0.4624E-03  CRITERION=  0.1592E-01 <<< CONVERGED
    EQUIL ITER   1 COMPLETED.  NEW TRIANG MATRIX.  MAX DOF INC= -0.4624E-03
     FORCE CONVERGENCE VALUE  =  0.5792E-02  CRITERION=   9.338     <<< CONVERGED
    >>> SOLUTION CONVERGED AFTER EQUILIBRIUM ITERATION   1
 *** LOAD STEP     1   SUBSTEP     6  COMPLETED.    CUM ITER =      7
 *** TIME =  0.200000         TIME INC =  0.333333E-01
 *** AUTO STEP TIME:  NEXT TIME INC = 0.33333E-01  UNCHANGED

     FORCE CONVERGENCE VALUE  =   733.3      CRITERION=   10.61    
     DISP CONVERGENCE VALUE   =  0.4626E-03  CRITERION=  0.1592E-01 <<< CONVERGED
    EQUIL ITER   1 COMPLETED.  NEW TRIANG MATRIX.  MAX DOF INC= -0.4626E-03
     FORCE CONVERGENCE VALUE  =  0.6740E-02  CRITERION=   10.89     <<< CONVERGED
    >>> SOLUTION CONVERGED AFTER EQUILIBRIUM ITERATION   1
 *** LOAD STEP     1   SUBSTEP     7  COMPLETED.    CUM ITER =      8
 *** TIME =  0.233333         TIME INC =  0.333333E-01
 *** AUTO STEP TIME:  NEXT TIME INC = 0.33333E-01  UNCHANGED

     FORCE CONVERGENCE VALUE  =   733.5      CRITERION=   12.13    
     DISP CONVERGENCE VALUE   =  0.4627E-03  CRITERION=  0.1593E-01 <<< CONVERGED
    EQUIL ITER   1 COMPLETED.  NEW TRIANG MATRIX.  MAX DOF INC= -0.4627E-03
     FORCE CONVERGENCE VALUE  =  0.7692E-02  CRITERION=   12.45     <<< CONVERGED
    >>> SOLUTION CONVERGED AFTER EQUILIBRIUM ITERATION   1
 *** LOAD STEP     1   SUBSTEP     8  COMPLETED.    CUM ITER =      9
 *** TIME =  0.266667         TIME INC =  0.333333E-01
 *** AUTO STEP TIME:  NEXT TIME INC = 0.33333E-01  UNCHANGED

     FORCE CONVERGENCE VALUE  =   733.7      CRITERION=   13.66    
     DISP CONVERGENCE VALUE   =  0.4628E-03  CRITERION=  0.1593E-01 <<< CONVERGED
    EQUIL ITER   1 COMPLETED.  NEW TRIANG MATRIX.  MAX DOF INC= -0.4628E-03
     FORCE CONVERGENCE VALUE  =  0.8645E-02  CRITERION=   14.01     <<< CONVERGED
    >>> SOLUTION CONVERGED AFTER EQUILIBRIUM ITERATION   1
 *** LOAD STEP     1   SUBSTEP     9  COMPLETED.    CUM ITER =     10
 *** TIME =  0.300000         TIME INC =  0.333333E-01
 *** AUTO STEP TIME:  NEXT TIME INC = 0.33333E-01  UNCHANGED

     FORCE CONVERGENCE VALUE  =   733.8      CRITERION=   15.18    
     DISP CONVERGENCE VALUE   =  0.4630E-03  CRITERION=  0.1593E-01 <<< CONVERGED
    EQUIL ITER   1 COMPLETED.  NEW TRIANG MATRIX.  MAX DOF INC= -0.4630E-03
     FORCE CONVERGENCE VALUE  =  0.9600E-02  CRITERION=   15.56     <<< CONVERGED
    >>> SOLUTION CONVERGED AFTER EQUILIBRIUM ITERATION   1
 *** LOAD STEP     1   SUBSTEP    10  COMPLETED.    CUM ITER =     11
 *** TIME =  0.333333         TIME INC =  0.333333E-01
 *** AUTO STEP TIME:  NEXT TIME INC = 0.33333E-01  UNCHANGED

     FORCE CONVERGENCE VALUE  =   734.0      CRITERION=   16.71    
     DISP CONVERGENCE VALUE   =  0.4631E-03  CRITERION=  0.1593E-01 <<< CONVERGED
    EQUIL ITER   1 COMPLETED.  NEW TRIANG MATRIX.  MAX DOF INC= -0.4631E-03
     FORCE CONVERGENCE VALUE  =  0.1056E-01  CRITERION=   17.12     <<< CONVERGED
    >>> SOLUTION CONVERGED AFTER EQUILIBRIUM ITERATION   1
 *** LOAD STEP     1   SUBSTEP    11  COMPLETED.    CUM ITER =     12
 *** TIME =  0.366667         TIME INC =  0.333333E-01
 *** AUTO STEP TIME:  NEXT TIME INC = 0.33333E-01  UNCHANGED

     FORCE CONVERGENCE VALUE  =   734.2      CRITERION=   18.23    
     DISP CONVERGENCE VALUE   =  0.4632E-03  CRITERION=  0.1594E-01 <<< CONVERGED
    EQUIL ITER   1 COMPLETED.  NEW TRIANG MATRIX.  MAX DOF INC= -0.4632E-03
     FORCE CONVERGENCE VALUE  =  0.1151E-01  CRITERION=   18.68     <<< CONVERGED
    >>> SOLUTION CONVERGED AFTER EQUILIBRIUM ITERATION   1
 *** LOAD STEP     1   SUBSTEP    12  COMPLETED.    CUM ITER =     13
 *** TIME =  0.400000         TIME INC =  0.333333E-01
 *** AUTO STEP TIME:  NEXT TIME INC = 0.33333E-01  UNCHANGED

     FORCE CONVERGENCE VALUE  =   734.3      CRITERION=   19.76    
     DISP CONVERGENCE VALUE   =  0.4634E-03  CRITERION=  0.1594E-01 <<< CONVERGED
    EQUIL ITER   1 COMPLETED.  NEW TRIANG MATRIX.  MAX DOF INC= -0.4634E-03
     FORCE CONVERGENCE VALUE  =  0.1247E-01  CRITERION=   20.23     <<< CONVERGED
    >>> SOLUTION CONVERGED AFTER EQUILIBRIUM ITERATION   1
 *** LOAD STEP     1   SUBSTEP    13  COMPLETED.    CUM ITER =     14
 *** TIME =  0.433333         TIME INC =  0.333333E-01
 *** AUTO STEP TIME:  NEXT TIME INC = 0.33333E-01  UNCHANGED

     FORCE CONVERGENCE VALUE  =   734.5      CRITERION=   21.28    
     DISP CONVERGENCE VALUE   =  0.4635E-03  CRITERION=  0.1594E-01 <<< CONVERGED
    EQUIL ITER   1 COMPLETED.  NEW TRIANG MATRIX.  MAX DOF INC= -0.4635E-03
     FORCE CONVERGENCE VALUE  =  0.1343E-01  CRITERION=   21.79     <<< CONVERGED
    >>> SOLUTION CONVERGED AFTER EQUILIBRIUM ITERATION   1
 *** LOAD STEP     1   SUBSTEP    14  COMPLETED.    CUM ITER =     15
 *** TIME =  0.466667         TIME INC =  0.333333E-01
 *** AUTO STEP TIME:  NEXT TIME INC = 0.33333E-01  UNCHANGED

     FORCE CONVERGENCE VALUE  =   734.6      CRITERION=   22.81    
     DISP CONVERGENCE VALUE   =  0.4636E-03  CRITERION=  0.1594E-01 <<< CONVERGED
    EQUIL ITER   1 COMPLETED.  NEW TRIANG MATRIX.  MAX DOF INC= -0.4636E-03
     FORCE CONVERGENCE VALUE  =  0.1439E-01  CRITERION=   23.34     <<< CONVERGED
    >>> SOLUTION CONVERGED AFTER EQUILIBRIUM ITERATION   1
 *** LOAD STEP     1   SUBSTEP    15  COMPLETED.    CUM ITER =     16
 *** TIME =  0.500000         TIME INC =  0.333333E-01
 *** AUTO STEP TIME:  NEXT TIME INC = 0.33333E-01  UNCHANGED

     FORCE CONVERGENCE VALUE  =   734.8      CRITERION=   24.33    
     DISP CONVERGENCE VALUE   =  0.4637E-03  CRITERION=  0.1594E-01 <<< CONVERGED
    EQUIL ITER   1 COMPLETED.  NEW TRIANG MATRIX.  MAX DOF INC= -0.4637E-03
     FORCE CONVERGENCE VALUE  =  0.1535E-01  CRITERION=   24.90     <<< CONVERGED
    >>> SOLUTION CONVERGED AFTER EQUILIBRIUM ITERATION   1
 *** LOAD STEP     1   SUBSTEP    16  COMPLETED.    CUM ITER =     17
 *** TIME =  0.533333         TIME INC =  0.333333E-01
 *** AUTO STEP TIME:  NEXT TIME INC = 0.33333E-01  UNCHANGED

     FORCE CONVERGENCE VALUE  =   734.9      CRITERION=   25.86    
     DISP CONVERGENCE VALUE   =  0.4638E-03  CRITERION=  0.1595E-01 <<< CONVERGED
    EQUIL ITER   1 COMPLETED.  NEW TRIANG MATRIX.  MAX DOF INC= -0.4638E-03
     FORCE CONVERGENCE VALUE  =  0.1631E-01  CRITERION=   26.46     <<< CONVERGED
    >>> SOLUTION CONVERGED AFTER EQUILIBRIUM ITERATION   1
 *** LOAD STEP     1   SUBSTEP    17  COMPLETED.    CUM ITER =     18
 *** TIME =  0.566667         TIME INC =  0.333333E-01
 *** AUTO STEP TIME:  NEXT TIME INC = 0.33333E-01  UNCHANGED

     FORCE CONVERGENCE VALUE  =   735.5      CRITERION=   27.38    
     DISP CONVERGENCE VALUE   =  0.4660E-03  CRITERION=  0.1595E-01 <<< CONVERGED
    EQUIL ITER   1 COMPLETED.  NEW TRIANG MATRIX.  MAX DOF INC= -0.4660E-03
     FORCE CONVERGENCE VALUE  =  0.3330E-01  CRITERION=   28.01     <<< CONVERGED
    >>> SOLUTION CONVERGED AFTER EQUILIBRIUM ITERATION   1
 *** LOAD STEP     1   SUBSTEP    18  COMPLETED.    CUM ITER =     19
 *** TIME =  0.600000         TIME INC =  0.333333E-01
 *** MAX PLASTIC STRAIN STEP = 0.3549E-05   CRITERION = 0.1500    
 *** AUTO STEP TIME:  NEXT TIME INC = 0.33333E-01  UNCHANGED

     FORCE CONVERGENCE VALUE  =   3126.      CRITERION=   28.91    
     DISP CONVERGENCE VALUE   =  0.4152E-01  CRITERION=  0.1807E-01
    EQUIL ITER   1 COMPLETED.  NEW TRIANG MATRIX.  MAX DOF INC= -0.4152E-01
     FORCE CONVERGENCE VALUE  =   98.17      CRITERION=   29.57    
     DISP CONVERGENCE VALUE   =  0.2281E-03  CRITERION=  0.1845E-01 <<< CONVERGED
    EQUIL ITER   2 COMPLETED.  NEW TRIANG MATRIX.  MAX DOF INC= -0.2281E-03
     FORCE CONVERGENCE VALUE  =  0.9400E-01  CRITERION=   30.17     <<< CONVERGED
    >>> SOLUTION CONVERGED AFTER EQUILIBRIUM ITERATION   2
 *** LOAD STEP     1   SUBSTEP    19  COMPLETED.    CUM ITER =     21
 *** TIME =  0.633333         TIME INC =  0.333333E-01
 *** MAX PLASTIC STRAIN STEP = 0.1718E-03   CRITERION = 0.1500    
 *** AUTO STEP TIME:  NEXT TIME INC = 0.33333E-01  UNCHANGED

     FORCE CONVERGENCE VALUE  =   3790.      CRITERION=   30.42    
     DISP CONVERGENCE VALUE   =  0.6185E-01  CRITERION=  0.2123E-01
    EQUIL ITER   1 COMPLETED.  NEW TRIANG MATRIX.  MAX DOF INC= -0.6185E-01
     FORCE CONVERGENCE VALUE  =   115.1      CRITERION=   31.12    
     DISP CONVERGENCE VALUE   =  0.3549E-03  CRITERION=  0.2168E-01 <<< CONVERGED
    EQUIL ITER   2 COMPLETED.  NEW TRIANG MATRIX.  MAX DOF INC= -0.3549E-03
     FORCE CONVERGENCE VALUE  =  0.7344E-01  CRITERION=   31.76     <<< CONVERGED
    >>> SOLUTION CONVERGED AFTER EQUILIBRIUM ITERATION   2
 *** LOAD STEP     1   SUBSTEP    20  COMPLETED.    CUM ITER =     23
 *** TIME =  0.666667         TIME INC =  0.333333E-01
 *** MAX PLASTIC STRAIN STEP = 0.1711E-03   CRITERION = 0.1500    
 *** AUTO STEP TIME:  NEXT TIME INC = 0.33333E-01  UNCHANGED

     FORCE CONVERGENCE VALUE  =   3553.      CRITERION=   31.93    
     DISP CONVERGENCE VALUE   =  0.4918E-01  CRITERION=  0.2375E-01
    EQUIL ITER   1 COMPLETED.  NEW TRIANG MATRIX.  MAX DOF INC= -0.4918E-01
     FORCE CONVERGENCE VALUE  =   102.3      CRITERION=   32.68    
     DISP CONVERGENCE VALUE   =  0.3656E-03  CRITERION=  0.2425E-01 <<< CONVERGED
    EQUIL ITER   2 COMPLETED.  NEW TRIANG MATRIX.  MAX DOF INC= -0.3656E-03
     FORCE CONVERGENCE VALUE  =  0.6639E-01  CRITERION=   33.35     <<< CONVERGED
    >>> SOLUTION CONVERGED AFTER EQUILIBRIUM ITERATION   2
 *** LOAD STEP     1   SUBSTEP    21  COMPLETED.    CUM ITER =     25
 *** TIME =  0.700000         TIME INC =  0.333333E-01
 *** MAX PLASTIC STRAIN STEP = 0.1720E-03   CRITERION = 0.1500    
 *** AUTO STEP TIME:  NEXT TIME INC = 0.33333E-01  UNCHANGED

     FORCE CONVERGENCE VALUE  =   3813.      CRITERION=   33.43    
     DISP CONVERGENCE VALUE   =  0.6578E-01  CRITERION=  0.2712E-01
    EQUIL ITER   1 COMPLETED.  NEW TRIANG MATRIX.  MAX DOF INC= -0.6578E-01
     FORCE CONVERGENCE VALUE  =   165.4      CRITERION=   34.23    
     DISP CONVERGENCE VALUE   =  0.1447E-02  CRITERION=  0.2775E-01 <<< CONVERGED
    EQUIL ITER   2 COMPLETED.  NEW TRIANG MATRIX.  MAX DOF INC= -0.1447E-02
     FORCE CONVERGENCE VALUE  =  0.1646      CRITERION=   34.93     <<< CONVERGED
    >>> SOLUTION CONVERGED AFTER EQUILIBRIUM ITERATION   2
 *** LOAD STEP     1   SUBSTEP    22  COMPLETED.    CUM ITER =     27
 *** TIME =  0.733333         TIME INC =  0.333333E-01
 *** MAX PLASTIC STRAIN STEP = 0.2526E-03   CRITERION = 0.1500    
 *** AUTO STEP TIME:  NEXT TIME INC = 0.33333E-01  UNCHANGED

     FORCE CONVERGENCE VALUE  =   7145.      CRITERION=   34.93    
     DISP CONVERGENCE VALUE   =  0.2468      CRITERION=  0.3979E-01
    EQUIL ITER   1 COMPLETED.  NEW TRIANG MATRIX.  MAX DOF INC= -0.2468    
     FORCE CONVERGENCE VALUE  =   531.6      CRITERION=   35.78    
     DISP CONVERGENCE VALUE   =  0.6000E-02  CRITERION=  0.4091E-01 <<< CONVERGED
    EQUIL ITER   2 COMPLETED.  NEW TRIANG MATRIX.  MAX DOF INC= -0.6000E-02
     FORCE CONVERGENCE VALUE  =   1.044      CRITERION=   36.52     <<< CONVERGED
    >>> SOLUTION CONVERGED AFTER EQUILIBRIUM ITERATION   2
 *** LOAD STEP     1   SUBSTEP    23  COMPLETED.    CUM ITER =     29
 *** TIME =  0.766667         TIME INC =  0.333333E-01
 *** MAX PLASTIC STRAIN STEP = 0.5183E-03   CRITERION = 0.1500    
 *** AUTO STEP TIME:  NEXT TIME INC = 0.33333E-01  UNCHANGED

     FORCE CONVERGENCE VALUE  =   8190.      CRITERION=   36.33    
     DISP CONVERGENCE VALUE   =  0.3842      CRITERION=  0.5969E-01
    EQUIL ITER   1 COMPLETED.  NEW TRIANG MATRIX.  MAX DOF INC= -0.3842    
     FORCE CONVERGENCE VALUE  =   2546.      CRITERION=   37.32    
     DISP CONVERGENCE VALUE   =  0.6882E-01  CRITERION=  0.6449E-01
    EQUIL ITER   2 COMPLETED.  NEW TRIANG MATRIX.  MAX DOF INC= -0.6882E-01
     FORCE CONVERGENCE VALUE  =   285.5      CRITERION=   38.11    
     DISP CONVERGENCE VALUE   =  0.9625E-03  CRITERION=  0.6586E-01 <<< CONVERGED
    EQUIL ITER   3 COMPLETED.  NEW TRIANG MATRIX.  MAX DOF INC= -0.9625E-03
     FORCE CONVERGENCE VALUE  =  0.5838      CRITERION=   38.89     <<< CONVERGED
    >>> SOLUTION CONVERGED AFTER EQUILIBRIUM ITERATION   3
 *** LOAD STEP     1   SUBSTEP    24  COMPLETED.    CUM ITER =     32
 *** TIME =  0.800000         TIME INC =  0.333333E-01
 *** MAX PLASTIC STRAIN STEP = 0.9933E-03   CRITERION = 0.1500    
 *** AUTO STEP TIME:  NEXT TIME INC = 0.33333E-01  UNCHANGED

     FORCE CONVERGENCE VALUE  =  0.1907E+05  CRITERION=   37.56    
     DISP CONVERGENCE VALUE   =  0.7533      CRITERION=  0.1017    
    EQUIL ITER   1 COMPLETED.  NEW TRIANG MATRIX.  MAX DOF INC= -0.7533    
     FORCE CONVERGENCE VALUE  =   3308.      CRITERION=   38.81    
     DISP CONVERGENCE VALUE   =  0.3966E-01  CRITERION=  0.1058     <<< CONVERGED
    EQUIL ITER   2 COMPLETED.  NEW TRIANG MATRIX.  MAX DOF INC= -0.3966E-01
     FORCE CONVERGENCE VALUE  =   58.56      CRITERION=   39.70    
     DISP CONVERGENCE VALUE   =  0.2592E-02  CRITERION=  0.1081     <<< CONVERGED
    EQUIL ITER   3 COMPLETED.  NEW TRIANG MATRIX.  MAX DOF INC= -0.2592E-02
     FORCE CONVERGENCE VALUE  =   2.462      CRITERION=   40.51     <<< CONVERGED
    >>> SOLUTION CONVERGED AFTER EQUILIBRIUM ITERATION   3
 *** LOAD STEP     1   SUBSTEP    25  COMPLETED.    CUM ITER =     35
 *** TIME =  0.833333         TIME INC =  0.333333E-01
 *** MAX PLASTIC STRAIN STEP = 0.1392E-02   CRITERION = 0.1500    
 *** AUTO STEP TIME:  NEXT TIME INC = 0.33333E-01  UNCHANGED

     FORCE CONVERGENCE VALUE  =  0.2788E+05  CRITERION=   38.46    
     DISP CONVERGENCE VALUE   =  0.2899      CRITERION=  0.1181    
    EQUIL ITER   1 COMPLETED.  NEW TRIANG MATRIX.  MAX DOF INC= -0.2899    
     FORCE CONVERGENCE VALUE  =   2630.      CRITERION=   40.44    
     DISP CONVERGENCE VALUE   =  0.1172      CRITERION=  0.1266     <<< CONVERGED
    EQUIL ITER   2 COMPLETED.  NEW TRIANG MATRIX.  MAX DOF INC= -0.1172    
     FORCE CONVERGENCE VALUE  =   151.6      CRITERION=   41.28    
     DISP CONVERGENCE VALUE   =  0.7613E-03  CRITERION=  0.1292     <<< CONVERGED
    EQUIL ITER   3 COMPLETED.  NEW TRIANG MATRIX.  MAX DOF INC= -0.7613E-03
     FORCE CONVERGENCE VALUE  =  0.1734      CRITERION=   42.13     <<< CONVERGED
    >>> SOLUTION CONVERGED AFTER EQUILIBRIUM ITERATION   3
 *** LOAD STEP     1   SUBSTEP    26  COMPLETED.    CUM ITER =     38
 *** TIME =  0.866667         TIME INC =  0.333333E-01
 *** MAX PLASTIC STRAIN STEP = 0.1239E-02   CRITERION = 0.1500    
 *** AUTO STEP TIME:  NEXT TIME INC = 0.33333E-01  UNCHANGED

     FORCE CONVERGENCE VALUE  =  0.3672E+05  CRITERION=   39.69    
     DISP CONVERGENCE VALUE   =  0.2658      CRITERION=  0.1375    
    EQUIL ITER   1 COMPLETED.  NEW TRIANG MATRIX.  MAX DOF INC= -0.2658    
     FORCE CONVERGENCE VALUE  =   1693.      CRITERION=   42.00    
     DISP CONVERGENCE VALUE   =  0.2005      CRITERION=  0.1507    
    EQUIL ITER   2 COMPLETED.  NEW TRIANG MATRIX.  MAX DOF INC= -0.2005    
     FORCE CONVERGENCE VALUE  =   188.7      CRITERION=   42.86    
     DISP CONVERGENCE VALUE   =  0.3346E-02  CRITERION=  0.1540     <<< CONVERGED
    EQUIL ITER   3 COMPLETED.  NEW TRIANG MATRIX.  MAX DOF INC= -0.3346E-02
     FORCE CONVERGENCE VALUE  =   9.641      CRITERION=   43.74     <<< CONVERGED
    >>> SOLUTION CONVERGED AFTER EQUILIBRIUM ITERATION   3
 *** LOAD STEP     1   SUBSTEP    27  COMPLETED.    CUM ITER =     41
 *** TIME =  0.900000         TIME INC =  0.333333E-01
 *** MAX PLASTIC STRAIN STEP = 0.1382E-02   CRITERION = 0.1500    
 *** AUTO STEP TIME:  NEXT TIME INC = 0.33333E-01  UNCHANGED

     FORCE CONVERGENCE VALUE  =  0.5076E+05  CRITERION=   41.01    
     DISP CONVERGENCE VALUE   =  0.1748      CRITERION=  0.1563    
    EQUIL ITER   1 COMPLETED.  NEW TRIANG MATRIX.  MAX DOF INC= -0.1748    
     FORCE CONVERGENCE VALUE  =   1675.      CRITERION=   43.56    
     DISP CONVERGENCE VALUE   =  0.2140      CRITERION=  0.1707    
    EQUIL ITER   2 COMPLETED.  NEW TRIANG MATRIX.  MAX DOF INC= -0.2140    
     FORCE CONVERGENCE VALUE  =   194.3      CRITERION=   44.45    
     DISP CONVERGENCE VALUE   =  0.2756E-02  CRITERION=  0.1743     <<< CONVERGED
    EQUIL ITER   3 COMPLETED.  NEW TRIANG MATRIX.  MAX DOF INC= -0.2756E-02
     FORCE CONVERGENCE VALUE  =   5.620      CRITERION=   45.36     <<< CONVERGED
    >>> SOLUTION CONVERGED AFTER EQUILIBRIUM ITERATION   3
 *** LOAD STEP     1   SUBSTEP    28  COMPLETED.    CUM ITER =     44
 *** TIME =  0.933333         TIME INC =  0.333333E-01
 *** MAX PLASTIC STRAIN STEP = 0.1407E-02   CRITERION = 0.1500    
 *** AUTO STEP TIME:  NEXT TIME INC = 0.33333E-01  UNCHANGED

     FORCE CONVERGENCE VALUE  =  0.6520E+05  CRITERION=   42.57    
     DISP CONVERGENCE VALUE   =  0.2100      CRITERION=  0.1781    
    EQUIL ITER   1 COMPLETED.  NEW TRIANG MATRIX.  MAX DOF INC= -0.2100    
     FORCE CONVERGENCE VALUE  =   1639.      CRITERION=   45.11    
     DISP CONVERGENCE VALUE   =  0.3996      CRITERION=  0.2025    
    EQUIL ITER   2 COMPLETED.  NEW TRIANG MATRIX.  MAX DOF INC= -0.3996    
     FORCE CONVERGENCE VALUE  =   517.2      CRITERION=   46.01    
     DISP CONVERGENCE VALUE   =  0.5437E-02  CRITERION=  0.2070     <<< CONVERGED
    EQUIL ITER   3 COMPLETED.  NEW TRIANG MATRIX.  MAX DOF INC= -0.5437E-02
     FORCE CONVERGENCE VALUE  =  0.1965      CRITERION=   46.98     <<< CONVERGED
    >>> SOLUTION CONVERGED AFTER EQUILIBRIUM ITERATION   3
 *** LOAD STEP     1   SUBSTEP    29  COMPLETED.    CUM ITER =     47
 *** TIME =  0.966667         TIME INC =  0.333333E-01
 *** MAX PLASTIC STRAIN STEP = 0.1910E-02   CRITERION = 0.1500    
 *** AUTO STEP TIME:  NEXT TIME INC = 0.33333E-01  UNCHANGED

     FORCE CONVERGENCE VALUE  =  0.9123E+05  CRITERION=   44.73    
     DISP CONVERGENCE VALUE   =  0.1938      CRITERION=  0.2086     <<< CONVERGED
    EQUIL ITER   1 COMPLETED.  NEW TRIANG MATRIX.  MAX DOF INC= -0.1938    
     FORCE CONVERGENCE VALUE  =   7818.      CRITERION=   46.66    
     DISP CONVERGENCE VALUE   =  0.5867      CRITERION=  0.2434    
    EQUIL ITER   2 COMPLETED.  NEW TRIANG MATRIX.  MAX DOF INC= -0.5867    
     FORCE CONVERGENCE VALUE  =   1181.      CRITERION=   47.56    
     DISP CONVERGENCE VALUE   =  0.1335E-01  CRITERION=  0.2491     <<< CONVERGED
    EQUIL ITER   3 COMPLETED.  NEW TRIANG MATRIX.  MAX DOF INC= -0.1335E-01
     FORCE CONVERGENCE VALUE  =   3.536      CRITERION=   48.60     <<< CONVERGED
    >>> SOLUTION CONVERGED AFTER EQUILIBRIUM ITERATION   3
 *** LOAD STEP     1   SUBSTEP    30  COMPLETED.    CUM ITER =     50
 *** TIME =   1.00000         TIME INC =  0.333333E-01
 *** MAX PLASTIC STRAIN STEP = 0.2595E-02   CRITERION = 0.1500    


 *** MAPDL BINARY FILE STATISTICS
  BUFFER SIZE USED= 16384
        0.125 MB WRITTEN ON ELEMENT MATRIX FILE: file0.emat
        5.688 MB WRITTEN ON ELEMENT SAVED DATA FILE: file0.esav
       19.812 MB WRITTEN ON RESULTS FILE: file0.rst
 *************** Write FE CONNECTORS *********

 WRITE OUT CONSTRAINT EQUATIONS TO FILE= file.ce                                                                                                                                                                                                                                                             
 ****************************************************
 *************** FINISHED SOLVE FOR LS 1 *************
 ****************************************************
 ******************* SOLVE FOR LS 2 OF 2 ****************

 PRINTOUT RESUMED BY /GOP

 USE AUTOMATIC TIME STEPPING THIS LOAD STEP

 USE       5 SUBSTEPS INITIALLY THIS LOAD STEP FOR ALL  DEGREES OF FREEDOM
 FOR AUTOMATIC TIME STEPPING:
   USE   1000 SUBSTEPS AS A MAXIMUM
   USE      1 SUBSTEPS AS A MINIMUM

 TIME=  2.0000    

 ERASE THE CURRENT DATABASE OUTPUT CONTROL TABLE.


 WRITE ALL  ITEMS TO THE DATABASE WITH A FREQUENCY OF NONE
   FOR ALL APPLICABLE ENTITIES

 WRITE NSOL ITEMS TO THE DATABASE WITH A FREQUENCY OF ALL 
   FOR ALL APPLICABLE ENTITIES

 WRITE RSOL ITEMS TO THE DATABASE WITH A FREQUENCY OF ALL 
   FOR ALL APPLICABLE ENTITIES

 WRITE EANG ITEMS TO THE DATABASE WITH A FREQUENCY OF ALL 
   FOR ALL APPLICABLE ENTITIES

 WRITE ETMP ITEMS TO THE DATABASE WITH A FREQUENCY OF ALL 
   FOR ALL APPLICABLE ENTITIES

 WRITE VENG ITEMS TO THE DATABASE WITH A FREQUENCY OF ALL 
   FOR ALL APPLICABLE ENTITIES

 WRITE STRS ITEMS TO THE DATABASE WITH A FREQUENCY OF ALL 
   FOR ALL APPLICABLE ENTITIES

 WRITE EPEL ITEMS TO THE DATABASE WITH A FREQUENCY OF ALL 
   FOR ALL APPLICABLE ENTITIES

 WRITE EPPL ITEMS TO THE DATABASE WITH A FREQUENCY OF ALL 
   FOR ALL APPLICABLE ENTITIES

 WRITE CONT ITEMS TO THE DATABASE WITH A FREQUENCY OF ALL 
   FOR ALL APPLICABLE ENTITIES

 *****  MAPDL SOLVE    COMMAND  *****

 *** WARNING ***                         CP =      65.953   TIME= 08:04:42
 Material number 2 (used by element 3233) should normally have at least  
 one MP or one TB type command associated with it.  Output of energy by  
 material may not be available.                                          

 *** NOTE ***                            CP =      65.953   TIME= 08:04:42
 The step data was checked and warning messages were found.              
  Please review output or errors file (                                  
 C:\Users\Admin\PycharmProjects\Github\thesis_files\master               
 thesisio\ansys\_ProjectScratch\ScrBBEC\file0.err ) for these warning    
 messages.                                                               

 *** NOTE ***                            CP =      65.953   TIME= 08:04:42
 This nonlinear analysis defaults to using the full Newton-Raphson       
 solution procedure.  This can be modified using the NROPT command.      

 *** MAPDL - ENGINEERING ANALYSIS SYSTEM  RELEASE 2022 R2          22.2     ***
 Ansys Mechanical Enterprise Academic Student      
 00000000  VERSION=WINDOWS x64   08:04:42  FEB 14, 2023 CP=     66.000

 new_thesis_simply_supported_beam--Static Structural (C5)                      



                      L O A D   S T E P   O P T I O N S

   LOAD STEP NUMBER. . . . . . . . . . . . . . . .     2
   TIME AT END OF THE LOAD STEP. . . . . . . . . .  2.0000    
   AUTOMATIC TIME STEPPING . . . . . . . . . . . .    ON
      INITIAL NUMBER OF SUBSTEPS . . . . . . . . .     5
      MAXIMUM NUMBER OF SUBSTEPS . . . . . . . . .  1000
      MINIMUM NUMBER OF SUBSTEPS . . . . . . . . .     1
   MAXIMUM NUMBER OF EQUILIBRIUM ITERATIONS. . . .    15
   STEP CHANGE BOUNDARY CONDITIONS . . . . . . . .    NO
   STRESS-STIFFENING . . . . . . . . . . . . . . .    ON
   TERMINATE ANALYSIS IF NOT CONVERGED . . . . . .YES (EXIT)  
   CONVERGENCE CONTROLS. . . . . . . . . . . . . .USE DEFAULTS
   COPY INTEGRATION POINT VALUES TO NODE . . . . .YES, FOR ELEMENTS WITH
                                                  ACTIVE MAT. NONLINEARITIES
   PRINT OUTPUT CONTROLS . . . . . . . . . . . . .NO PRINTOUT
   DATABASE OUTPUT CONTROLS
      ITEM     FREQUENCY   COMPONENT
       ALL       NONE               
      NSOL        ALL               
      RSOL        ALL               
      EANG        ALL               
      ETMP        ALL               
      VENG        ALL               
      STRS        ALL               
      EPEL        ALL               
      EPPL        ALL               
      CONT        ALL               


 SOLUTION MONITORING INFO IS WRITTEN TO FILE= file.mntr                                                                                                                                                                                                                                                           
 MAXIMUM NUMBER OF EQUILIBRIUM ITERATIONS HAS BEEN MODIFIED              
  TO BE, NEQIT = 22, BY SOLUTION CONTROL LOGIC.                          

     FORCE CONVERGENCE VALUE  =   1472.      CRITERION=   39.81    
     DISP CONVERGENCE VALUE   =   1.880      CRITERION=  0.2393    
    EQUIL ITER   1 COMPLETED.  NEW TRIANG MATRIX.  MAX DOF INC=   1.880    
     FORCE CONVERGENCE VALUE  =  0.1327E+05  CRITERION=   36.36    
     DISP CONVERGENCE VALUE   =  0.8327E-02  CRITERION=  0.2441     <<< CONVERGED
    EQUIL ITER   2 COMPLETED.  NEW TRIANG MATRIX.  MAX DOF INC= -0.8327E-02
     FORCE CONVERGENCE VALUE  =  0.5486      CRITERION=   38.10     <<< CONVERGED
    >>> SOLUTION CONVERGED AFTER EQUILIBRIUM ITERATION   2
 *** LOAD STEP     2   SUBSTEP     1  COMPLETED.    CUM ITER =     52
 *** TIME =   1.20000         TIME INC =  0.200000    
 *** AUTO STEP TIME:  NEXT TIME INC = 0.20000      UNCHANGED

     FORCE CONVERGENCE VALUE  =  0.2653E+05  CRITERION=   26.29    
     DISP CONVERGENCE VALUE   =  0.1673E-01  CRITERION=  0.2393     <<< CONVERGED
    EQUIL ITER   1 COMPLETED.  NEW TRIANG MATRIX.  MAX DOF INC= -0.1673E-01
     FORCE CONVERGENCE VALUE  =   1.322      CRITERION=   28.01     <<< CONVERGED
    >>> SOLUTION CONVERGED AFTER EQUILIBRIUM ITERATION   1
 *** LOAD STEP     2   SUBSTEP     2  COMPLETED.    CUM ITER =     53
 *** TIME =   1.40000         TIME INC =  0.200000    
 *** AUTO TIME STEP:  NEXT TIME INC = 0.30000      INCREASED (FACTOR = 1.5000)

     FORCE CONVERGENCE VALUE  =  0.4974E+05  CRITERION=   17.46    
     DISP CONVERGENCE VALUE   =  0.3136E-01  CRITERION=  0.2393     <<< CONVERGED
    EQUIL ITER   1 COMPLETED.  NEW TRIANG MATRIX.  MAX DOF INC= -0.3136E-01
     FORCE CONVERGENCE VALUE  =   4.180      CRITERION=   14.00     <<< CONVERGED
    >>> SOLUTION CONVERGED AFTER EQUILIBRIUM ITERATION   1
 *** LOAD STEP     2   SUBSTEP     3  COMPLETED.    CUM ITER =     54
 *** TIME =   1.70000         TIME INC =  0.300000    
 *** AUTO STEP TIME:  NEXT TIME INC = 0.30000      UNCHANGED

     FORCE CONVERGENCE VALUE  =  0.5965E+05  CRITERION=   18.61    
     DISP CONVERGENCE VALUE   =  0.3762E-01  CRITERION=  0.2393     <<< CONVERGED
    EQUIL ITER   1 COMPLETED.  NEW TRIANG MATRIX.  MAX DOF INC= -0.3762E-01
     FORCE CONVERGENCE VALUE  =   5.759      CRITERION=  0.2278E-02
     DISP CONVERGENCE VALUE   =  0.1529E-03  CRITERION=  0.2441     <<< CONVERGED
    EQUIL ITER   2 COMPLETED.  NEW TRIANG MATRIX.  MAX DOF INC= -0.1529E-03
     FORCE CONVERGENCE VALUE  =  0.2519E-03  CRITERION=  0.5312E-04
     DISP CONVERGENCE VALUE   =  0.4600E-08  CRITERION=  0.2491     <<< CONVERGED
    EQUIL ITER   3 COMPLETED.  NEW TRIANG MATRIX.  MAX DOF INC=  0.4600E-08
     FORCE CONVERGENCE VALUE  =  0.2769E-06  CRITERION=  0.5421E-04 <<< CONVERGED

 *** WARNING ***                         CP =      73.438   TIME= 08:04:49
 A reference force value times the tolerance is used by the              
 Newton-Raphson method for checking convergence.  The calculated         
 reference FORCE CONVERGENCE VALUE = 9.891502726E-04 is less than a      
 threshold.  This threshold is internally calculated.  You can           
 overwrite it by specifying MINREF on the CNVTOL command.  Check         
 results carefully.                                                      
    >>> SOLUTION CONVERGED AFTER EQUILIBRIUM ITERATION   3
 *** LOAD STEP     2   SUBSTEP     4  COMPLETED.    CUM ITER =     57
 *** TIME =   2.00000         TIME INC =  0.300000    
 ****************************************************
 *************** FINISHED SOLVE FOR LS 2 *************

 *GET  _WALLASOL  FROM  ACTI  ITEM=TIME WALL  VALUE=  8.08055556    

 PRINTOUT RESUMED BY /GOP

 *GET  _PCGITER  FROM  ACTI  ITEM=SOLU CGIT  VALUE=  118.000000    

 FINISH SOLUTION PROCESSING


 ***** ROUTINE COMPLETED *****  CP =        73.953



 *** MAPDL - ENGINEERING ANALYSIS SYSTEM  RELEASE 2022 R2          22.2     ***
 Ansys Mechanical Enterprise Academic Student      
 00000000  VERSION=WINDOWS x64   08:04:50  FEB 14, 2023 CP=     73.969

 new_thesis_simply_supported_beam--Static Structural (C5)                      



          ***** MAPDL RESULTS INTERPRETATION (POST1) *****

 *** NOTE ***                            CP =      73.969   TIME= 08:04:50
 Reading results into the database (SET command) will update the current 
 displacement and force boundary conditions in the database with the     
 values from the results file for that load set.  Note that any          
 subsequent solutions will use these values unless action is taken to    
 either SAVE the current values or not overwrite them (/EXIT,NOSAVE).    

 Set Encoding of XML File to:ISO-8859-1

 Set Output of XML File to:
     PARM,     ,     ,     ,     ,     ,     ,     ,     ,     ,     ,     ,
         ,     ,     ,     ,     ,     ,     ,

 DATABASE WRITTEN ON FILE  parm.xml                                                                                                                                                                                                                                                            

 EXIT THE MAPDL POST1 DATABASE PROCESSOR


 ***** ROUTINE COMPLETED *****  CP =        73.969



 PRINTOUT RESUMED BY /GOP

 *GET  _WALLDONE  FROM  ACTI  ITEM=TIME WALL  VALUE=  8.08055556    

 PARAMETER _PREPTIME =     0.000000000    

 PARAMETER _SOLVTIME =     75.00000000    

 PARAMETER _POSTTIME =     0.000000000    

 PARAMETER _TOTALTIM =     75.00000000    

 *GET  _DLBRATIO  FROM  ACTI  ITEM=SOLU DLBR  VALUE=  1.00249377    

 *GET  _COMBTIME  FROM  ACTI  ITEM=SOLU COMB  VALUE= 0.248501700    

 *GET  _SSMODE   FROM  ACTI  ITEM=SOLU SSMM  VALUE=  0.00000000    

 *GET  _NDOFS    FROM  ACTI  ITEM=SOLU NDOF  VALUE=  27150.0000    

 *GET  _SOL_END_TIME  FROM  ACTI  ITEM=SET  TIME  VALUE=  2.00000000    

 *IF  _sol_end_time                     ( =   2.00000     )  EQ  
      2.000000                          ( =   2.00000     )  THEN    

 /FCLEAN COMMAND REMOVING ALL LOCAL FILES

 *ENDIF
 --- Total number of nodes = 9065
 --- Total number of elements = 1604
 --- Element load balance ratio = 1.00249377
 --- Time to combine distributed files = 0.2485017
 --- Sparse memory mode = 0
 --- Number of DOF = 27150

 EXIT MAPDL WITHOUT SAVING DATABASE


 NUMBER OF WARNING MESSAGES ENCOUNTERED=          4
 NUMBER OF ERROR   MESSAGES ENCOUNTERED=          0

+--------------------- M A P D L   S T A T I S T I C S ------------------------+

Release: 2022 R2            Build: 22.2       Update: UP20220516   Platform: WINDOWS x64 
Date Run: 02/14/2023   Time: 08:04     Process ID: 11648
Operating System: Windows 10  (Build: 19045)

Processor Model: Intel(R) Core(TM) i5-7200U CPU @ 2.50GHz

Compiler: Intel(R) Fortran Compiler Version 19.0.5  (Build: 20190815)
          Intel(R) C/C++ Compiler Version 19.0.5  (Build: 20190815)
          Intel(R) Math Kernel Library Version 2020.0.0 Product Build 20191125
          BLAS Library supplied by Intel(R) MKL

Number of machines requested            :    1
Total number of cores available         :    4
Number of physical cores available      :    2
Number of processes requested           :    2
Number of threads per process requested :    1
Total number of cores requested         :    2 (Distributed Memory Parallel)               
MPI Type: INTELMPI
MPI Version: Intel(R) MPI Library 2021.5 for Windows* OS


GPU Acceleration: Not Requested

Job Name: file0
Input File: dummy.dat

  Core                Machine Name   Working Directory
 -----------------------------------------------------
     0             DESKTOP-H7DA5IC   C:\Users\Admin\PycharmProjects\Github\thesis_files\master thesisio\ansys\_ProjectScratch\ScrBBEC
     1             DESKTOP-H7DA5IC   C:\Users\Admin\PycharmProjects\Github\thesis_files\master thesisio\ansys\_ProjectScratch\ScrBBEC
 
Latency time from master to core     1 =   13.884 microseconds
 
Communication speed from master to core     1 =  1776.77 MB/sec

Total CPU time for main thread                    :       74.1 seconds
Total CPU time summed for all threads             :       74.3 seconds

Elapsed time spent obtaining a license            :        0.5 seconds
Elapsed time spent pre-processing model (/PREP7)  :        0.1 seconds
Elapsed time spent solution - preprocessing       :        0.2 seconds
Elapsed time spent computing solution             :       74.7 seconds
Elapsed time spent solution - postprocessing      :        0.2 seconds
Elapsed time spent post-processing model (/POST1) :        0.0 seconds
 
Equation solver used                              :            PCG (symmetric)
Equation solver computational rate                :        3.2 Gflops

Sum of memory used on all processes               :      123.0 MB
Sum of memory allocated on all processes          :     3136.0 MB
Physical memory available                         :          8 GB

Total amount of I/O written to disk               :        1.8 GB
Total amount of I/O read from disk                :        2.0 GB

+------------------ E N D   M A P D L   S T A T I S T I C S -------------------+


 *---------------------------------------------------------------------------*
 |                                                                           |
 |                               RUN COMPLETED                               |
 |                                                                           |
 |---------------------------------------------------------------------------|
 |                                                                           |
 |  Ansys MAPDL 2022 R2         Build 22.2         UP20220516    WINDOWS x64 |
 |                                                                           |
 |---------------------------------------------------------------------------|
 |                                                                           |
 | Database Requested(-db)  1024 MB    Scratch Memory Requested      1024 MB |
 | Maximum Database Used       5 MB    Maximum Scratch Memory Used     62 MB |
 |                                                                           |
 |---------------------------------------------------------------------------|
 |                                                                           |
 |        CP Time      (sec) =         74.328       Time  =  08:04:51        |
 |        Elapsed Time (sec) =         78.000       Date  =  02/14/2023      |
 |                                                                           |
 *---------------------------------------------------------------------------*
