
 Ansys Mechanical Enterprise Academic Student      


 *------------------------------------------------------------------*
 |                                                                  |
 |   W E L C O M E   T O   T H E   A N S Y S (R)  P R O G R A M     |
 |                                                                  |
 *------------------------------------------------------------------*




 ***************************************************************
 *         ANSYS MAPDL 2022 R2          LEGAL NOTICES          *
 ***************************************************************
 *                                                             *
 * Copyright 1971-2022 Ansys, Inc.  All rights reserved.       *
 * Unauthorized use, distribution or duplication is            *
 * prohibited.                                                 *
 *                                                             *
 * Ansys is a registered trademark of Ansys, Inc. or its       *
 * subsidiaries in the United States or other countries.       *
 * See the Ansys, Inc. online documentation or the Ansys, Inc. *
 * documentation CD or online help for the complete Legal      *
 * Notice.                                                     *
 *                                                             *
 ***************************************************************
 *                                                             *
 * THIS ANSYS SOFTWARE PRODUCT AND PROGRAM DOCUMENTATION       *
 * INCLUDE TRADE SECRETS AND CONFIDENTIAL AND PROPRIETARY      *
 * PRODUCTS OF ANSYS, INC., ITS SUBSIDIARIES, OR LICENSORS.    *
 * The software products and documentation are furnished by    *
 * Ansys, Inc. or its subsidiaries under a software license    *
 * agreement that contains provisions concerning               *
 * non-disclosure, copying, length and nature of use,          *
 * compliance with exporting laws, warranties, disclaimers,    *
 * limitations of liability, and remedies, and other           *
 * provisions.  The software products and documentation may be *
 * used, disclosed, transferred, or copied only in accordance  *
 * with the terms and conditions of that software license      *
 * agreement.                                                  *
 *                                                             *
 * Ansys, Inc. is a UL registered                              *
 * ISO 9001:2015 company.                                      *
 *                                                             *
 ***************************************************************
 *                                                             *
 * This product is subject to U.S. laws governing export and   *
 * re-export.                                                  *
 *                                                             *
 * For U.S. Government users, except as specifically granted   *
 * by the Ansys, Inc. software license agreement, the use,     *
 * duplication, or disclosure by the United States Government  *
 * is subject to restrictions stated in the Ansys, Inc.        *
 * software license agreement and FAR 12.212 (for non-DOD      *
 * licenses).                                                  *
 *                                                             *
 ***************************************************************

 2022 R2 
     
 Point Releases and Patches installed:   
     
 Ansys, Inc. Products 2022 R2
 Autodyn 2022 R2 
 SpaceClaim 2022 R2  
 CFX (includes CFD-Post) 2022 R2 
 Chemkin 2022 R2 
 EnSight 2022 R2 
 FENSAP-ICE 2022 R2  
 Fluent (includes CFD-Post) 2022 R2  
 Polyflow (includes CFD-Post) 2022 R2
 Forte (includes EnSight) 2022 R2
 TurboGrid 2022 R2   
 Aqwa 2022 R2
 Mechanical Products 2022 R2 
 ACIS Geometry Interface 2022 R2 
 AutoCAD Geometry Interface 2022 R2  
 Catia, Version 4 Geometry Interface 2022 R2 
 Catia, Version 5 Geometry Interface 2022 R2 
 Catia, Version 6 Geometry Interface 2022 R2 
 Creo Elements/Direct Modeling Geometry Interface 2022 R2
 Creo Parametric Geometry Interface 2022 R2  
 Inventor Geometry Interface 2022 R2 
 JTOpen Geometry Interface 2022 R2   
 NX Geometry Interface 2022 R2   
 Parasolid Geometry Interface  2022 R2   
 Solid Edge Geometry Interface 2022 R2   
 SOLIDWORKS Geometry Interface 2022 R2   
 Academic Student 2022 R2


          *****  MAPDL COMMAND LINE ARGUMENTS  *****
  BATCH MODE REQUESTED (-b)    = NOLIST
  INPUT FILE COPY MODE (-c)    = COPY
  DISTRIBUTED MEMORY PARALLEL REQUESTED
       2 PARALLEL PROCESSES REQUESTED WITH SINGLE THREAD PER PROCESS
    TOTAL OF     2 CORES REQUESTED
  INPUT FILE NAME              = C:\Users\Admin\PycharmProjects\Github\thesis_files\master thesisio\ansys\_ProjectScratch\ScrD543\dummy.dat
  OUTPUT FILE NAME             = C:\Users\Admin\PycharmProjects\Github\thesis_files\master thesisio\ansys\_ProjectScratch\ScrD543\solve.out
  START-UP FILE MODE           = NOREAD
  STOP FILE MODE               = NOREAD

 RELEASE= 2022 R2              BUILD= 22.2      UP20220516   VERSION=WINDOWS x64 
 CURRENT JOBNAME=file0  08:13:44  FEB 11, 2023 CP=      0.109


 PARAMETER _DS_PROGRESS =     999.0000000    

 /INPUT FILE= ds.dat  LINE=       0



 *** NOTE ***                            CP =       0.266   TIME= 08:13:44
 The /CONFIG,NOELDB command is not valid in a distributed memory         
 parallel solution.  Command is ignored.                                 

 *GET  _WALLSTRT  FROM  ACTI  ITEM=TIME WALL  VALUE=  8.22888889    

 TITLE= 
 design1--Static Structural (B5)                                               

  ACT Extensions:
      LSDYNA, 2022.2
      5f463412-bd3e-484b-87e7-cbc0a665e474, wbex
 /COM,     ANSYSMotion, 2022.2
      20180725-3f81-49eb-9f31-41364844c769, wbex
  

 SET PARAMETER DIMENSIONS ON  _WB_PROJECTSCRATCH_DIR
  TYPE=STRI  DIMENSIONS=      248        1        1

 PARAMETER _WB_PROJECTSCRATCH_DIR(1) = C:\Users\Admin\PycharmProjects\Github\thesis_files\master thesisio\ansys\_ProjectScratch\ScrD543\

 SET PARAMETER DIMENSIONS ON  _WB_SOLVERFILES_DIR
  TYPE=STRI  DIMENSIONS=      248        1        1

 PARAMETER _WB_SOLVERFILES_DIR(1) = C:\Users\Admin\PycharmProjects\Github\thesis_files\master thesisio\ansys\design1_files\dp0\SYS-2\MECH\

 SET PARAMETER DIMENSIONS ON  _WB_USERFILES_DIR
  TYPE=STRI  DIMENSIONS=      248        1        1

 PARAMETER _WB_USERFILES_DIR(1) = C:\Users\Admin\PycharmProjects\Github\thesis_files\master thesisio\ansys\design1_files\user_files\
 --- Data in consistent NMM units. See Solving Units in the help system for more

 MPA UNITS SPECIFIED FOR INTERNAL    
  LENGTH      = MILLIMETERS (mm)
  MASS        = TONNE (Mg)
  TIME        = SECONDS (sec)
  TEMPERATURE = CELSIUS (C)
  TOFFSET     = 273.0
  FORCE       = NEWTON (N)
  HEAT        = MILLIJOULES (mJ)

 INPUT  UNITS ARE ALSO SET TO MPA 

 *** MAPDL - ENGINEERING ANALYSIS SYSTEM  RELEASE 2022 R2          22.2     ***
 Ansys Mechanical Enterprise Academic Student      
 00000000  VERSION=WINDOWS x64   08:13:44  FEB 11, 2023 CP=      0.266

 design1--Static Structural (B5)                                               



          ***** MAPDL ANALYSIS DEFINITION (PREP7) *****
 *********** Nodes for the whole assembly ***********
 *********** Nodes for all Remote Points ***********
 *********** Elements for Body 1 "Solid" ***********
 *********** Send User Defined Coordinate System(s) ***********
 *********** Set Reference Temperature ***********
 *********** Send Materials ***********
 *********** Fixed Supports ***********
 ******* Constant Zero Displacement X *******
 ******* Constant Zero Displacement Y *******
 *********** Create Remote Point "Remote Point" ***********
 *********** Construct Remote Force ***********

 LIST DATA TABLE  PLAS  FOR MATERIAL      1

 *** MAPDL - ENGINEERING ANALYSIS SYSTEM  RELEASE 2022 R2          22.2     ***
 Ansys Mechanical Enterprise Academic Student      
 00000000  VERSION=WINDOWS x64   08:13:44  FEB 11, 2023 CP=      0.359

 design1--Static Structural (B5)                                               



               PLASTIC  (PLAS) Table For Material     1
               ISOTROPIC HARDENING PLASTICITY                                                  

                     1 
 Temps     2.2000000e+01 
      PlStrain       Stress  
 0.0000000e+00 2.5000000e+02 
 1.9900000e-03 2.5080000e+02 
 2.2400000e-03 2.5510000e+02 
 2.5100000e-03 2.5940000e+02 
 2.8200000e-03 2.6370000e+02 
 3.1500000e-03 2.6800000e+02 
 3.5200000e-03 2.7230000e+02 
 3.9300000e-03 2.7670000e+02 
 4.3700000e-03 2.8100000e+02 
 4.8500000e-03 2.8540000e+02 
 5.3800000e-03 2.8980000e+02 
 5.9600000e-03 2.9420000e+02 
 7.6500000e-03 3.0530000e+02 
 9.7300000e-03 3.1660000e+02 
 1.5360000e-02 3.3970000e+02 
 2.3550000e-02 3.6410000e+02 
 3.5160000e-02 3.9020000e+02 
 5.1230000e-02 4.1870000e+02 
 7.2960000e-02 4.5070000e+02 
 1.0169000e-01 4.8720000e+02 
 1.1913000e-01 5.0770000e+02 
 1.3885000e-01 5.2990000e+02 



 ***** ROUTINE COMPLETED *****  CP =         0.359


 --- Number of total nodes = 9066
 --- Number of contact elements = 400
 --- Number of spring elements = 0
 --- Number of bearing elements = 0
 --- Number of solid elements = 1600
 --- Number of condensed parts = 0
 --- Number of total elements = 2001

 *GET  _WALLBSOL  FROM  ACTI  ITEM=TIME WALL  VALUE=  8.22888889    
 ****************************************************************************
 *************************    SOLUTION       ********************************
 ****************************************************************************

 *****  MAPDL SOLUTION ROUTINE  *****


 PERFORM A STATIC ANALYSIS
  THIS WILL BE A NEW ANALYSIS

 LARGE DEFORMATION ANALYSIS

 PARAMETER _THICKRATIO =     1.000000000    

 USE PRECONDITIONED CONJUGATE GRADIENT SOLVER
  CONVERGENCE TOLERANCE = 1.00000E-08
  MAXIMUM ITERATION     = NumNode*DofPerNode*  1.0000    

 CONTACT INFORMATION PRINTOUT LEVEL       1

 DO NOT COMBINE ELEMENT MATRIX FILES (.emat) AFTER DISTRIBUTED PARALLEL SOLUTION

 DO NOT COMBINE ELEMENT SAVE DATA FILES (.esav) AFTER DISTRIBUTED PARALLEL SOLUTION

 NLDIAG: Nonlinear diagnostics CONT option is set to ON. 
         Writing frequency : each ITERATION.

 DEFINE RESTART CONTROL FOR LOADSTEP LAST
 AT FREQUENCY OF LAST AND NUMBER FOR OVERWRITE IS   -1

 DELETE RESTART FILES OF ENDSTEP
 ****************************************************
 ******************* SOLVE FOR LS 1 OF 2 ****************

 SELECT       FOR ITEM=NODE COMPONENT=    
  IN RANGE      9066 TO       9066 STEP          1

          1  NODES (OF       9066  DEFINED) SELECTED BY  NSEL  COMMAND.

 SPECIFIED NODAL LOAD FX   FOR SELECTED NODES         1 TO     9066 BY        1
  SET ACCORDING TO TABLE PARAMETER = _LOADVARI114X

 SPECIFIED NODAL LOAD FY   FOR SELECTED NODES         1 TO     9066 BY        1
  SET ACCORDING TO TABLE PARAMETER = _LOADVARI114Y

 SPECIFIED NODAL LOAD FZ   FOR SELECTED NODES         1 TO     9066 BY        1
  SET ACCORDING TO TABLE PARAMETER = _LOADVARI114Z

 ALL SELECT   FOR ITEM=NODE COMPONENT=    
  IN RANGE         1 TO       9066 STEP          1

       9066  NODES (OF       9066  DEFINED) SELECTED BY NSEL  COMMAND.

 PRINTOUT RESUMED BY /GOP

 USE AUTOMATIC TIME STEPPING THIS LOAD STEP

 USE      30 SUBSTEPS INITIALLY THIS LOAD STEP FOR ALL  DEGREES OF FREEDOM
 FOR AUTOMATIC TIME STEPPING:
   USE   1000 SUBSTEPS AS A MAXIMUM
   USE     30 SUBSTEPS AS A MINIMUM

 TIME=  1.0000    

 ERASE THE CURRENT DATABASE OUTPUT CONTROL TABLE.


 WRITE ALL  ITEMS TO THE DATABASE WITH A FREQUENCY OF NONE
   FOR ALL APPLICABLE ENTITIES

 WRITE NSOL ITEMS TO THE DATABASE WITH A FREQUENCY OF ALL 
   FOR ALL APPLICABLE ENTITIES

 WRITE RSOL ITEMS TO THE DATABASE WITH A FREQUENCY OF ALL 
   FOR ALL APPLICABLE ENTITIES

 WRITE EANG ITEMS TO THE DATABASE WITH A FREQUENCY OF ALL 
   FOR ALL APPLICABLE ENTITIES

 WRITE ETMP ITEMS TO THE DATABASE WITH A FREQUENCY OF ALL 
   FOR ALL APPLICABLE ENTITIES

 WRITE VENG ITEMS TO THE DATABASE WITH A FREQUENCY OF ALL 
   FOR ALL APPLICABLE ENTITIES

 WRITE STRS ITEMS TO THE DATABASE WITH A FREQUENCY OF ALL 
   FOR ALL APPLICABLE ENTITIES

 WRITE EPEL ITEMS TO THE DATABASE WITH A FREQUENCY OF ALL 
   FOR ALL APPLICABLE ENTITIES

 WRITE EPPL ITEMS TO THE DATABASE WITH A FREQUENCY OF ALL 
   FOR ALL APPLICABLE ENTITIES

 WRITE CONT ITEMS TO THE DATABASE WITH A FREQUENCY OF ALL 
   FOR ALL APPLICABLE ENTITIES

 *GET  ANSINTER_  FROM  ACTI  ITEM=INT        VALUE=  0.00000000    

 *IF  ANSINTER_                         ( =   0.00000     )  NE  
      0                                 ( =   0.00000     )  THEN    

 *ENDIF

 *** NOTE ***                            CP =       0.391   TIME= 08:13:44
 The automatic domain decomposition logic has selected the MESH domain   
 decomposition method with 2 processes per solution.                     

 *****  MAPDL SOLVE    COMMAND  *****

 *** WARNING ***                         CP =       0.422   TIME= 08:13:44
 Element shape checking is currently inactive.  Issue SHPP,ON or         
 SHPP,WARN to reactivate, if desired.                                    

 *** NOTE ***                            CP =       0.453   TIME= 08:13:44
 The model data was checked and warning messages were found.             
  Please review output or errors file (                                  
 C:\Users\Admin\PycharmProjects\Github\thesis_files\master               
 thesisio\ansys\_ProjectScratch\ScrD543\file0.err ) for these warning    
 messages.                                                               

 *** SELECTION OF ELEMENT TECHNOLOGIES FOR APPLICABLE ELEMENTS ***
      --- GIVE SUGGESTIONS AND RESET THE KEY OPTIONS ---

 ELEMENT TYPE         1 IS SOLID186. KEYOPT(2)=0 IS SUGGESTED AND HAS BEEN RESET.
  KEYOPT(1-12)=    0    0    0    0    0    0    0    0    0    0    0    0



 *** MAPDL - ENGINEERING ANALYSIS SYSTEM  RELEASE 2022 R2          22.2     ***
 Ansys Mechanical Enterprise Academic Student      
 00000000  VERSION=WINDOWS x64   08:13:44  FEB 11, 2023 CP=      0.453

 design1--Static Structural (B5)                                               



                       S O L U T I O N   O P T I O N S

   PROBLEM DIMENSIONALITY. . . . . . . . . . . . .3-D                  
   DEGREES OF FREEDOM. . . . . . UX   UY   UZ   ROTX ROTY ROTZ
   ANALYSIS TYPE . . . . . . . . . . . . . . . . .STATIC (STEADY-STATE)
   OFFSET TEMPERATURE FROM ABSOLUTE ZERO . . . . .  273.15    
   NONLINEAR GEOMETRIC EFFECTS . . . . . . . . . .ON
   EQUATION SOLVER OPTION. . . . . . . . . . . . .PCG                
      TOLERANCE. . . . . . . . . . . . . . . . . . 1.00000E-08
   PLASTIC MATERIAL PROPERTIES INCLUDED. . . . . .YES
   NEWTON-RAPHSON OPTION . . . . . . . . . . . . .PROGRAM CHOSEN   
   GLOBALLY ASSEMBLED MATRIX . . . . . . . . . . .SYMMETRIC  

 *** NOTE ***                            CP =       0.453   TIME= 08:13:44
 This nonlinear analysis defaults to using the full Newton-Raphson       
 solution procedure.  This can be modified using the NROPT command.      

 *** NOTE ***                            CP =       0.453   TIME= 08:13:44
 The conditions for direct assembly have been met.  No .emat or .erot    
 files will be produced.                                                 

 *** NOTE ***                            CP =       0.453   TIME= 08:13:44
 Internal nodes from 9067 to 9067 are created.                           
 1 internal nodes are used for handling degrees of freedom on pilot      
 nodes of rigid target surfaces.                                         

 *** NOTE ***                            CP =       0.484   TIME= 08:13:44
 Internal nodes from 9067 to 9067 are created.                           
 1 internal nodes are used for handling degrees of freedom on pilot      
 nodes of rigid target surfaces.                                         

 *** NOTE ***                            CP =       0.547   TIME= 08:13:44
 Force-distributed-surface identified by real constant set 2 and         
 contact element type 2 has been set up.  The pilot node 9066 is used    
 to apply the force.  Internal MPC will be built.                        
 The used degrees of freedom set is  UX   UY   UZ   ROTX ROTY ROTZ
 Please verify constraints (including rotational degrees of freedom)
  on the pilot node by yourself.
 ****************************************
  
  
  

 *** NOTE ***                            CP =       0.547   TIME= 08:13:44
 Internal nodes from 9067 to 9067 are created.                           
 1 internal nodes are used for handling degrees of freedom on pilot      
 nodes of rigid target surfaces.                                         

  
  
     D I S T R I B U T E D   D O M A I N   D E C O M P O S E R
  
  ...Number of elements: 2001
  ...Number of nodes:    9067
  ...Decompose to 2 CPU domains
  ...Element load balance ratio =     1.200


                      L O A D   S T E P   O P T I O N S

   LOAD STEP NUMBER. . . . . . . . . . . . . . . .     1
   TIME AT END OF THE LOAD STEP. . . . . . . . . .  1.0000    
   AUTOMATIC TIME STEPPING . . . . . . . . . . . .    ON
      INITIAL NUMBER OF SUBSTEPS . . . . . . . . .    30
      MAXIMUM NUMBER OF SUBSTEPS . . . . . . . . .  1000
      MINIMUM NUMBER OF SUBSTEPS . . . . . . . . .    30
   MAXIMUM NUMBER OF EQUILIBRIUM ITERATIONS. . . .    15
   STEP CHANGE BOUNDARY CONDITIONS . . . . . . . .    NO
   STRESS-STIFFENING . . . . . . . . . . . . . . .    ON
   TERMINATE ANALYSIS IF NOT CONVERGED . . . . . .YES (EXIT)  
   CONVERGENCE CONTROLS. . . . . . . . . . . . . .USE DEFAULTS
   COPY INTEGRATION POINT VALUES TO NODE . . . . .YES, FOR ELEMENTS WITH
                                                  ACTIVE MAT. NONLINEARITIES
   PRINT OUTPUT CONTROLS . . . . . . . . . . . . .NO PRINTOUT
   DATABASE OUTPUT CONTROLS
      ITEM     FREQUENCY   COMPONENT
       ALL       NONE               
      NSOL        ALL               
      RSOL        ALL               
      EANG        ALL               
      ETMP        ALL               
      VENG        ALL               
      STRS        ALL               
      EPEL        ALL               
      EPPL        ALL               
      CONT        ALL               


 SOLUTION MONITORING INFO IS WRITTEN TO FILE= file.mntr                                                                                                                                                                                                                                                           
 MAXIMUM NUMBER OF EQUILIBRIUM ITERATIONS HAS BEEN MODIFIED              
  TO BE, NEQIT = 25, BY SOLUTION CONTROL LOGIC.                          


 *** NOTE ***                            CP =       0.984   TIME= 08:13:45
 The PCG solver has automatically set the level of difficulty for this   
 model to 2.                                                             

 Range of element maximum matrix coefficients in global coordinates
 Maximum = 1823361.82 at element 398.                                    
 Minimum = 1823361.82 at element 402.                                    

   *** ELEMENT MATRIX FORMULATION TIMES
     TYPE    NUMBER   ENAME      TOTAL CP  AVE CP

        1      1600  SOLID186      0.766   0.000479
        2       400  CONTA174      0.016   0.000039
        3         1  TARGE170      0.000   0.000000
 Time at end of element matrix formulation CP = 1.6875.                  

 ALL CURRENT MAPDL DATA WRITTEN TO FILE NAME= file.rdb
  FOR POSSIBLE RESUME FROM THIS POINT
     FORCE CONVERGENCE VALUE  =   64.22      CRITERION=  0.3276    
 Iteration=    45 Ratio=  0.224057     Limit=  1.000000E-08 Wall=     0.2
 Iteration=    80 Ratio=  7.453132E-04 Limit=  1.000000E-08 Wall=     0.5
 Iteration=   120 Ratio=  1.581512E-06 Limit=  1.000000E-08 Wall=     0.7

 DISTRIBUTED PCG SOLVER SOLUTION CONVERGED

 DISTRIBUTED PCG SOLVER SOLUTION STATISTICS

   NUMBER OF ITERATIONS=         149
   NUMBER OF EQUATIONS =       27207
   LEVEL OF CONVERGENCE=           1
   CALCULATED NORM     = 0.94926E-08
   SPECIFIED TOLERANCE = 0.10000E-07
   TOTAL CPU TIME (sec)=        1.02
   TOTAL WALL TIME(sec)=        1.05
   TOTAL MEMORY (GB)   =        0.02

     DISP CONVERGENCE VALUE   =  0.4090      CRITERION=  0.2087E-01
    EQUIL ITER   1 COMPLETED.  NEW TRIANG MATRIX.  MAX DOF INC= -0.4090    
     DISP CONVERGENCE VALUE   =  0.4084      CRITERION=  0.2129E-01
     LINE SEARCH PARAMETER =  0.9985     SCALED MAX DOF INC = -0.4084    
     FORCE CONVERGENCE VALUE  =   644.1      CRITERION=   1.701    
    EQUIL ITER   2 COMPLETED.  NEW TRIANG MATRIX.  MAX DOF INC= -0.7207E-03
     DISP CONVERGENCE VALUE   =  0.7207E-03  CRITERION=  0.2173E-01 <<< CONVERGED
     LINE SEARCH PARAMETER =   1.000     SCALED MAX DOF INC = -0.7207E-03
     FORCE CONVERGENCE VALUE  =  0.1867E-02  CRITERION=   1.847     <<< CONVERGED
    >>> SOLUTION CONVERGED AFTER EQUILIBRIUM ITERATION   2

   *** ELEMENT RESULT CALCULATION TIMES
     TYPE    NUMBER   ENAME      TOTAL CP  AVE CP

        1      1600  SOLID186      0.297   0.000186
        2       400  CONTA174      0.000   0.000000

   *** NODAL LOAD CALCULATION TIMES
     TYPE    NUMBER   ENAME      TOTAL CP  AVE CP

        1      1600  SOLID186      0.047   0.000029
        2       400  CONTA174      0.000   0.000000
 *** LOAD STEP     1   SUBSTEP     1  COMPLETED.    CUM ITER =      2
 *** TIME =  0.333333E-01     TIME INC =  0.333333E-01
 *** AUTO STEP TIME:  NEXT TIME INC = 0.33333E-01  UNCHANGED

     FORCE CONVERGENCE VALUE  =   1293.      CRITERION=   3.339    
     DISP CONVERGENCE VALUE   =  0.8249E-03  CRITERION=  0.2088E-01 <<< CONVERGED
    EQUIL ITER   1 COMPLETED.  NEW TRIANG MATRIX.  MAX DOF INC= -0.8249E-03
     DISP CONVERGENCE VALUE   =  0.8249E-03  CRITERION=  0.2131E-01 <<< CONVERGED
     LINE SEARCH PARAMETER =   1.000     SCALED MAX DOF INC = -0.8249E-03
     FORCE CONVERGENCE VALUE  =  0.4760E-02  CRITERION=   3.619     <<< CONVERGED
    >>> SOLUTION CONVERGED AFTER EQUILIBRIUM ITERATION   1
 *** LOAD STEP     1   SUBSTEP     2  COMPLETED.    CUM ITER =      3
 *** TIME =  0.666667E-01     TIME INC =  0.333333E-01
 *** AUTO STEP TIME:  NEXT TIME INC = 0.33333E-01  UNCHANGED

     FORCE CONVERGENCE VALUE  =   1294.      CRITERION=   5.105    
     DISP CONVERGENCE VALUE   =  0.8258E-03  CRITERION=  0.2089E-01 <<< CONVERGED
    EQUIL ITER   1 COMPLETED.  NEW TRIANG MATRIX.  MAX DOF INC= -0.8258E-03
     DISP CONVERGENCE VALUE   =  0.8258E-03  CRITERION=  0.2132E-01 <<< CONVERGED
     LINE SEARCH PARAMETER =   1.000     SCALED MAX DOF INC = -0.8258E-03
     FORCE CONVERGENCE VALUE  =  0.7094E-02  CRITERION=   5.429     <<< CONVERGED
    >>> SOLUTION CONVERGED AFTER EQUILIBRIUM ITERATION   1
 *** LOAD STEP     1   SUBSTEP     3  COMPLETED.    CUM ITER =      4
 *** TIME =  0.100000         TIME INC =  0.333333E-01
 *** AUTO STEP TIME:  NEXT TIME INC = 0.33333E-01  UNCHANGED

     FORCE CONVERGENCE VALUE  =   1295.      CRITERION=   6.875    
     DISP CONVERGENCE VALUE   =  0.8267E-03  CRITERION=  0.2090E-01 <<< CONVERGED
    EQUIL ITER   1 COMPLETED.  NEW TRIANG MATRIX.  MAX DOF INC= -0.8267E-03
     DISP CONVERGENCE VALUE   =  0.8267E-03  CRITERION=  0.2133E-01 <<< CONVERGED
     LINE SEARCH PARAMETER =   1.000     SCALED MAX DOF INC = -0.8267E-03
     FORCE CONVERGENCE VALUE  =  0.9458E-02  CRITERION=   7.239     <<< CONVERGED
    >>> SOLUTION CONVERGED AFTER EQUILIBRIUM ITERATION   1
 *** LOAD STEP     1   SUBSTEP     4  COMPLETED.    CUM ITER =      5
 *** TIME =  0.133333         TIME INC =  0.333333E-01
 *** AUTO STEP TIME:  NEXT TIME INC = 0.33333E-01  UNCHANGED

     FORCE CONVERGENCE VALUE  =   1296.      CRITERION=   8.647    
     DISP CONVERGENCE VALUE   =  0.8276E-03  CRITERION=  0.2091E-01 <<< CONVERGED
    EQUIL ITER   1 COMPLETED.  NEW TRIANG MATRIX.  MAX DOF INC= -0.8276E-03
     DISP CONVERGENCE VALUE   =  0.8276E-03  CRITERION=  0.2133E-01 <<< CONVERGED
     LINE SEARCH PARAMETER =   1.000     SCALED MAX DOF INC = -0.8276E-03
     FORCE CONVERGENCE VALUE  =  0.1183E-01  CRITERION=   9.048     <<< CONVERGED
    >>> SOLUTION CONVERGED AFTER EQUILIBRIUM ITERATION   1
 *** LOAD STEP     1   SUBSTEP     5  COMPLETED.    CUM ITER =      6
 *** TIME =  0.166667         TIME INC =  0.333333E-01
 *** AUTO STEP TIME:  NEXT TIME INC = 0.33333E-01  UNCHANGED

     FORCE CONVERGENCE VALUE  =   1297.      CRITERION=   10.42    
     DISP CONVERGENCE VALUE   =  0.8284E-03  CRITERION=  0.2092E-01 <<< CONVERGED
    EQUIL ITER   1 COMPLETED.  NEW TRIANG MATRIX.  MAX DOF INC= -0.8284E-03
     DISP CONVERGENCE VALUE   =  0.8284E-03  CRITERION=  0.2134E-01 <<< CONVERGED
     LINE SEARCH PARAMETER =   1.000     SCALED MAX DOF INC = -0.8284E-03
     FORCE CONVERGENCE VALUE  =  0.1422E-01  CRITERION=   10.86     <<< CONVERGED
    >>> SOLUTION CONVERGED AFTER EQUILIBRIUM ITERATION   1
 *** LOAD STEP     1   SUBSTEP     6  COMPLETED.    CUM ITER =      7
 *** TIME =  0.200000         TIME INC =  0.333333E-01
 *** AUTO STEP TIME:  NEXT TIME INC = 0.33333E-01  UNCHANGED

     FORCE CONVERGENCE VALUE  =   1297.      CRITERION=   12.19    
     DISP CONVERGENCE VALUE   =  0.8293E-03  CRITERION=  0.2093E-01 <<< CONVERGED
    EQUIL ITER   1 COMPLETED.  NEW TRIANG MATRIX.  MAX DOF INC= -0.8293E-03
     DISP CONVERGENCE VALUE   =  0.8293E-03  CRITERION=  0.2135E-01 <<< CONVERGED
     LINE SEARCH PARAMETER =   1.000     SCALED MAX DOF INC = -0.8293E-03
     FORCE CONVERGENCE VALUE  =  0.1661E-01  CRITERION=   12.67     <<< CONVERGED
    >>> SOLUTION CONVERGED AFTER EQUILIBRIUM ITERATION   1
 *** LOAD STEP     1   SUBSTEP     7  COMPLETED.    CUM ITER =      8
 *** TIME =  0.233333         TIME INC =  0.333333E-01
 *** AUTO STEP TIME:  NEXT TIME INC = 0.33333E-01  UNCHANGED

     FORCE CONVERGENCE VALUE  =   1298.      CRITERION=   13.96    
     DISP CONVERGENCE VALUE   =  0.8301E-03  CRITERION=  0.2093E-01 <<< CONVERGED
    EQUIL ITER   1 COMPLETED.  NEW TRIANG MATRIX.  MAX DOF INC= -0.8301E-03
     DISP CONVERGENCE VALUE   =  0.8301E-03  CRITERION=  0.2136E-01 <<< CONVERGED
     LINE SEARCH PARAMETER =   1.000     SCALED MAX DOF INC = -0.8301E-03
     FORCE CONVERGENCE VALUE  =  0.1901E-01  CRITERION=   14.48     <<< CONVERGED
    >>> SOLUTION CONVERGED AFTER EQUILIBRIUM ITERATION   1
 *** LOAD STEP     1   SUBSTEP     8  COMPLETED.    CUM ITER =      9
 *** TIME =  0.266667         TIME INC =  0.333333E-01
 *** AUTO STEP TIME:  NEXT TIME INC = 0.33333E-01  UNCHANGED

     FORCE CONVERGENCE VALUE  =   1299.      CRITERION=   15.74    
     DISP CONVERGENCE VALUE   =  0.8310E-03  CRITERION=  0.2094E-01 <<< CONVERGED
    EQUIL ITER   1 COMPLETED.  NEW TRIANG MATRIX.  MAX DOF INC= -0.8310E-03
     DISP CONVERGENCE VALUE   =  0.8310E-03  CRITERION=  0.2137E-01 <<< CONVERGED
     LINE SEARCH PARAMETER =   1.000     SCALED MAX DOF INC = -0.8310E-03
     FORCE CONVERGENCE VALUE  =  0.2137E-01  CRITERION=   16.29     <<< CONVERGED
    >>> SOLUTION CONVERGED AFTER EQUILIBRIUM ITERATION   1
 *** LOAD STEP     1   SUBSTEP     9  COMPLETED.    CUM ITER =     10
 *** TIME =  0.300000         TIME INC =  0.333333E-01
 *** AUTO STEP TIME:  NEXT TIME INC = 0.33333E-01  UNCHANGED

     FORCE CONVERGENCE VALUE  =   1300.      CRITERION=   17.51    
     DISP CONVERGENCE VALUE   =  0.8318E-03  CRITERION=  0.2095E-01 <<< CONVERGED
    EQUIL ITER   1 COMPLETED.  NEW TRIANG MATRIX.  MAX DOF INC= -0.8318E-03
     DISP CONVERGENCE VALUE   =  0.8318E-03  CRITERION=  0.2138E-01 <<< CONVERGED
     LINE SEARCH PARAMETER =   1.000     SCALED MAX DOF INC = -0.8318E-03
     FORCE CONVERGENCE VALUE  =  0.2375E-01  CRITERION=   18.09     <<< CONVERGED
    >>> SOLUTION CONVERGED AFTER EQUILIBRIUM ITERATION   1
 *** LOAD STEP     1   SUBSTEP    10  COMPLETED.    CUM ITER =     11
 *** TIME =  0.333333         TIME INC =  0.333333E-01
 *** AUTO STEP TIME:  NEXT TIME INC = 0.33333E-01  UNCHANGED

     FORCE CONVERGENCE VALUE  =   1301.      CRITERION=   19.28    
     DISP CONVERGENCE VALUE   =  0.8326E-03  CRITERION=  0.2096E-01 <<< CONVERGED
    EQUIL ITER   1 COMPLETED.  NEW TRIANG MATRIX.  MAX DOF INC= -0.8326E-03
     DISP CONVERGENCE VALUE   =  0.8326E-03  CRITERION=  0.2139E-01 <<< CONVERGED
     LINE SEARCH PARAMETER =   1.000     SCALED MAX DOF INC = -0.8326E-03
     FORCE CONVERGENCE VALUE  =  0.2613E-01  CRITERION=   19.90     <<< CONVERGED
    >>> SOLUTION CONVERGED AFTER EQUILIBRIUM ITERATION   1
 *** LOAD STEP     1   SUBSTEP    11  COMPLETED.    CUM ITER =     12
 *** TIME =  0.366667         TIME INC =  0.333333E-01
 *** AUTO STEP TIME:  NEXT TIME INC = 0.33333E-01  UNCHANGED

     FORCE CONVERGENCE VALUE  =   1302.      CRITERION=   21.05    
     DISP CONVERGENCE VALUE   =  0.8334E-03  CRITERION=  0.2097E-01 <<< CONVERGED
    EQUIL ITER   1 COMPLETED.  NEW TRIANG MATRIX.  MAX DOF INC= -0.8334E-03
     DISP CONVERGENCE VALUE   =  0.8334E-03  CRITERION=  0.2140E-01 <<< CONVERGED
     LINE SEARCH PARAMETER =   1.000     SCALED MAX DOF INC = -0.8334E-03
     FORCE CONVERGENCE VALUE  =  0.2851E-01  CRITERION=   21.71     <<< CONVERGED
    >>> SOLUTION CONVERGED AFTER EQUILIBRIUM ITERATION   1
 *** LOAD STEP     1   SUBSTEP    12  COMPLETED.    CUM ITER =     13
 *** TIME =  0.400000         TIME INC =  0.333333E-01
 *** AUTO STEP TIME:  NEXT TIME INC = 0.33333E-01  UNCHANGED

     FORCE CONVERGENCE VALUE  =   1303.      CRITERION=   22.83    
     DISP CONVERGENCE VALUE   =  0.8341E-03  CRITERION=  0.2098E-01 <<< CONVERGED
    EQUIL ITER   1 COMPLETED.  NEW TRIANG MATRIX.  MAX DOF INC= -0.8341E-03
     DISP CONVERGENCE VALUE   =  0.8341E-03  CRITERION=  0.2140E-01 <<< CONVERGED
     LINE SEARCH PARAMETER =   1.000     SCALED MAX DOF INC = -0.8341E-03
     FORCE CONVERGENCE VALUE  =  0.3091E-01  CRITERION=   23.52     <<< CONVERGED
    >>> SOLUTION CONVERGED AFTER EQUILIBRIUM ITERATION   1
 *** LOAD STEP     1   SUBSTEP    13  COMPLETED.    CUM ITER =     14
 *** TIME =  0.433333         TIME INC =  0.333333E-01
 *** AUTO STEP TIME:  NEXT TIME INC = 0.33333E-01  UNCHANGED

     FORCE CONVERGENCE VALUE  =   1304.      CRITERION=   24.60    
     DISP CONVERGENCE VALUE   =  0.8349E-03  CRITERION=  0.2098E-01 <<< CONVERGED
    EQUIL ITER   1 COMPLETED.  NEW TRIANG MATRIX.  MAX DOF INC= -0.8349E-03
     DISP CONVERGENCE VALUE   =  0.8349E-03  CRITERION=  0.2141E-01 <<< CONVERGED
     LINE SEARCH PARAMETER =   1.000     SCALED MAX DOF INC = -0.8349E-03
     FORCE CONVERGENCE VALUE  =  0.3330E-01  CRITERION=   25.33     <<< CONVERGED
    >>> SOLUTION CONVERGED AFTER EQUILIBRIUM ITERATION   1
 *** LOAD STEP     1   SUBSTEP    14  COMPLETED.    CUM ITER =     15
 *** TIME =  0.466667         TIME INC =  0.333333E-01
 *** AUTO STEP TIME:  NEXT TIME INC = 0.33333E-01  UNCHANGED

     FORCE CONVERGENCE VALUE  =   1305.      CRITERION=   26.37    
     DISP CONVERGENCE VALUE   =  0.8356E-03  CRITERION=  0.2099E-01 <<< CONVERGED
    EQUIL ITER   1 COMPLETED.  NEW TRIANG MATRIX.  MAX DOF INC= -0.8356E-03
     DISP CONVERGENCE VALUE   =  0.8356E-03  CRITERION=  0.2142E-01 <<< CONVERGED
     LINE SEARCH PARAMETER =   1.000     SCALED MAX DOF INC = -0.8356E-03
     FORCE CONVERGENCE VALUE  =  0.3571E-01  CRITERION=   27.14     <<< CONVERGED
    >>> SOLUTION CONVERGED AFTER EQUILIBRIUM ITERATION   1
 *** LOAD STEP     1   SUBSTEP    15  COMPLETED.    CUM ITER =     16
 *** TIME =  0.500000         TIME INC =  0.333333E-01
 *** AUTO STEP TIME:  NEXT TIME INC = 0.33333E-01  UNCHANGED

     FORCE CONVERGENCE VALUE  =   1306.      CRITERION=   28.14    
     DISP CONVERGENCE VALUE   =  0.8364E-03  CRITERION=  0.2100E-01 <<< CONVERGED
    EQUIL ITER   1 COMPLETED.  NEW TRIANG MATRIX.  MAX DOF INC= -0.8364E-03
     DISP CONVERGENCE VALUE   =  0.8364E-03  CRITERION=  0.2143E-01 <<< CONVERGED
     LINE SEARCH PARAMETER =   1.000     SCALED MAX DOF INC = -0.8364E-03
     FORCE CONVERGENCE VALUE  =  0.3811E-01  CRITERION=   28.95     <<< CONVERGED
    >>> SOLUTION CONVERGED AFTER EQUILIBRIUM ITERATION   1
 *** LOAD STEP     1   SUBSTEP    16  COMPLETED.    CUM ITER =     17
 *** TIME =  0.533333         TIME INC =  0.333333E-01
 *** AUTO STEP TIME:  NEXT TIME INC = 0.33333E-01  UNCHANGED

     FORCE CONVERGENCE VALUE  =   1306.      CRITERION=   29.92    
     DISP CONVERGENCE VALUE   =  0.8371E-03  CRITERION=  0.2101E-01 <<< CONVERGED
    EQUIL ITER   1 COMPLETED.  NEW TRIANG MATRIX.  MAX DOF INC= -0.8371E-03
     DISP CONVERGENCE VALUE   =  0.8371E-03  CRITERION=  0.2144E-01 <<< CONVERGED
     LINE SEARCH PARAMETER =   1.000     SCALED MAX DOF INC = -0.8371E-03
     FORCE CONVERGENCE VALUE  =  0.4053E-01  CRITERION=   30.76     <<< CONVERGED
    >>> SOLUTION CONVERGED AFTER EQUILIBRIUM ITERATION   1
 *** LOAD STEP     1   SUBSTEP    17  COMPLETED.    CUM ITER =     18
 *** TIME =  0.566667         TIME INC =  0.333333E-01
 *** AUTO STEP TIME:  NEXT TIME INC = 0.33333E-01  UNCHANGED

     FORCE CONVERGENCE VALUE  =   1477.      CRITERION=   31.69    
     DISP CONVERGENCE VALUE   =  0.1304E-01  CRITERION=  0.2167E-01 <<< CONVERGED
    EQUIL ITER   1 COMPLETED.  NEW TRIANG MATRIX.  MAX DOF INC= -0.1304E-01
     DISP CONVERGENCE VALUE   =  0.1304E-01  CRITERION=  0.2212E-01 <<< CONVERGED
     LINE SEARCH PARAMETER =   1.000     SCALED MAX DOF INC = -0.1304E-01
     FORCE CONVERGENCE VALUE  =   3.106      CRITERION=   32.56     <<< CONVERGED
    >>> SOLUTION CONVERGED AFTER EQUILIBRIUM ITERATION   1
 *** LOAD STEP     1   SUBSTEP    18  COMPLETED.    CUM ITER =     19
 *** TIME =  0.600000         TIME INC =  0.333333E-01
 *** MAX PLASTIC STRAIN STEP = 0.2706E-04   CRITERION = 0.1500    
 *** AUTO STEP TIME:  NEXT TIME INC = 0.33333E-01  UNCHANGED

     FORCE CONVERGENCE VALUE  =   7602.      CRITERION=   33.45    
     DISP CONVERGENCE VALUE   =  0.2204      CRITERION=  0.3292E-01
    EQUIL ITER   1 COMPLETED.  NEW TRIANG MATRIX.  MAX DOF INC= -0.2204    
     DISP CONVERGENCE VALUE   =  0.2204      CRITERION=  0.3359E-01
     LINE SEARCH PARAMETER =   1.000     SCALED MAX DOF INC = -0.2204    
     FORCE CONVERGENCE VALUE  =   210.9      CRITERION=   34.36    
    EQUIL ITER   2 COMPLETED.  NEW TRIANG MATRIX.  MAX DOF INC= -0.1364E-02
     DISP CONVERGENCE VALUE   =  0.1364E-02  CRITERION=  0.3435E-01 <<< CONVERGED
     LINE SEARCH PARAMETER =   1.000     SCALED MAX DOF INC = -0.1364E-02
     FORCE CONVERGENCE VALUE  =  0.2271      CRITERION=   35.07     <<< CONVERGED
    >>> SOLUTION CONVERGED AFTER EQUILIBRIUM ITERATION   2
 *** LOAD STEP     1   SUBSTEP    19  COMPLETED.    CUM ITER =     21
 *** TIME =  0.633333         TIME INC =  0.333333E-01
 *** MAX PLASTIC STRAIN STEP = 0.1716E-03   CRITERION = 0.1500    
 *** AUTO STEP TIME:  NEXT TIME INC = 0.33333E-01  UNCHANGED

     FORCE CONVERGENCE VALUE  =   5839.      CRITERION=   35.04    
     DISP CONVERGENCE VALUE   =  0.1124      CRITERION=  0.3872E-01
    EQUIL ITER   1 COMPLETED.  NEW TRIANG MATRIX.  MAX DOF INC= -0.1124    
     DISP CONVERGENCE VALUE   =  0.1124      CRITERION=  0.3951E-01
     LINE SEARCH PARAMETER =   1.000     SCALED MAX DOF INC = -0.1124    
     FORCE CONVERGENCE VALUE  =   123.9      CRITERION=   36.18    
    EQUIL ITER   2 COMPLETED.  NEW TRIANG MATRIX.  MAX DOF INC= -0.1739E-02
     DISP CONVERGENCE VALUE   =  0.1739E-02  CRITERION=  0.4040E-01 <<< CONVERGED
     LINE SEARCH PARAMETER =   1.000     SCALED MAX DOF INC = -0.1739E-02
     FORCE CONVERGENCE VALUE  =  0.5714E-01  CRITERION=   36.92     <<< CONVERGED
    >>> SOLUTION CONVERGED AFTER EQUILIBRIUM ITERATION   2
 *** LOAD STEP     1   SUBSTEP    20  COMPLETED.    CUM ITER =     23
 *** TIME =  0.666667         TIME INC =  0.333333E-01
 *** MAX PLASTIC STRAIN STEP = 0.1721E-03   CRITERION = 0.1500    
 *** AUTO STEP TIME:  NEXT TIME INC = 0.33333E-01  UNCHANGED

     FORCE CONVERGENCE VALUE  =   5560.      CRITERION=   36.67    
     DISP CONVERGENCE VALUE   =  0.6031E-01  CRITERION=  0.4187E-01
    EQUIL ITER   1 COMPLETED.  NEW TRIANG MATRIX.  MAX DOF INC= -0.6031E-01
     DISP CONVERGENCE VALUE   =  0.6031E-01  CRITERION=  0.4273E-01
     LINE SEARCH PARAMETER =   1.000     SCALED MAX DOF INC = -0.6031E-01
     FORCE CONVERGENCE VALUE  =   101.4      CRITERION=   37.99    
    EQUIL ITER   2 COMPLETED.  NEW TRIANG MATRIX.  MAX DOF INC= -0.1546E-02
     DISP CONVERGENCE VALUE   =  0.1546E-02  CRITERION=  0.4368E-01 <<< CONVERGED
     LINE SEARCH PARAMETER =   1.000     SCALED MAX DOF INC = -0.1546E-02
     FORCE CONVERGENCE VALUE  =  0.5267E-01  CRITERION=   38.76     <<< CONVERGED
    >>> SOLUTION CONVERGED AFTER EQUILIBRIUM ITERATION   2
 *** LOAD STEP     1   SUBSTEP    21  COMPLETED.    CUM ITER =     25
 *** TIME =  0.700000         TIME INC =  0.333333E-01
 *** MAX PLASTIC STRAIN STEP = 0.1725E-03   CRITERION = 0.1500    
 *** AUTO STEP TIME:  NEXT TIME INC = 0.33333E-01  UNCHANGED

     FORCE CONVERGENCE VALUE  =   9720.      CRITERION=   38.35    
     DISP CONVERGENCE VALUE   =  0.4758      CRITERION=  0.6623E-01
    EQUIL ITER   1 COMPLETED.  NEW TRIANG MATRIX.  MAX DOF INC= -0.4758    
     DISP CONVERGENCE VALUE   =  0.4758      CRITERION=  0.6758E-01
     LINE SEARCH PARAMETER =   1.000     SCALED MAX DOF INC = -0.4758    
     FORCE CONVERGENCE VALUE  =   808.9      CRITERION=   39.73    
    EQUIL ITER   2 COMPLETED.  NEW TRIANG MATRIX.  MAX DOF INC= -0.2308E-01
     DISP CONVERGENCE VALUE   =  0.2308E-01  CRITERION=  0.7019E-01 <<< CONVERGED
     LINE SEARCH PARAMETER =   1.000     SCALED MAX DOF INC = -0.2308E-01
     FORCE CONVERGENCE VALUE  =   23.87      CRITERION=   40.61     <<< CONVERGED
    >>> SOLUTION CONVERGED AFTER EQUILIBRIUM ITERATION   2
 *** LOAD STEP     1   SUBSTEP    22  COMPLETED.    CUM ITER =     27
 *** TIME =  0.733333         TIME INC =  0.333333E-01
 *** MAX PLASTIC STRAIN STEP = 0.4532E-03   CRITERION = 0.1500    
 *** AUTO STEP TIME:  NEXT TIME INC = 0.33333E-01  UNCHANGED

     FORCE CONVERGENCE VALUE  =  0.1483E+05  CRITERION=   39.41    
     DISP CONVERGENCE VALUE   =  0.5616      CRITERION=  0.9606E-01
    EQUIL ITER   1 COMPLETED.  NEW TRIANG MATRIX.  MAX DOF INC= -0.5616    
     DISP CONVERGENCE VALUE   =  0.5616      CRITERION=  0.9802E-01
     LINE SEARCH PARAMETER =   1.000     SCALED MAX DOF INC = -0.5616    
     FORCE CONVERGENCE VALUE  =   1153.      CRITERION=   41.49    
    EQUIL ITER   2 COMPLETED.  NEW TRIANG MATRIX.  MAX DOF INC= -0.8022E-01
     DISP CONVERGENCE VALUE   =  0.8022E-01  CRITERION=  0.1043     <<< CONVERGED
     LINE SEARCH PARAMETER =   1.000     SCALED MAX DOF INC = -0.8022E-01
     FORCE CONVERGENCE VALUE  =   147.5      CRITERION=   42.45    
    EQUIL ITER   3 COMPLETED.  NEW TRIANG MATRIX.  MAX DOF INC= -0.3957E-02
     DISP CONVERGENCE VALUE   =  0.3957E-02  CRITERION=  0.1066     <<< CONVERGED
     LINE SEARCH PARAMETER =   1.000     SCALED MAX DOF INC = -0.3957E-02
     FORCE CONVERGENCE VALUE  =   1.601      CRITERION=   43.32     <<< CONVERGED
    >>> SOLUTION CONVERGED AFTER EQUILIBRIUM ITERATION   3
 *** LOAD STEP     1   SUBSTEP    23  COMPLETED.    CUM ITER =     30
 *** TIME =  0.766667         TIME INC =  0.333333E-01
 *** MAX PLASTIC STRAIN STEP = 0.5576E-03   CRITERION = 0.1500    
 *** AUTO STEP TIME:  NEXT TIME INC = 0.33333E-01  UNCHANGED

     FORCE CONVERGENCE VALUE  =  0.3467E+05  CRITERION=   39.90    
     DISP CONVERGENCE VALUE   =   1.908      CRITERION=  0.1977    
    EQUIL ITER   1 COMPLETED.  NEW TRIANG MATRIX.  MAX DOF INC=  -1.908    
     DISP CONVERGENCE VALUE   =   1.908      CRITERION=  0.2017    
     LINE SEARCH PARAMETER =   1.000     SCALED MAX DOF INC =  -1.908    
     FORCE CONVERGENCE VALUE  =  0.1223E+05  CRITERION=   42.40    
    EQUIL ITER   2 COMPLETED.  NEW TRIANG MATRIX.  MAX DOF INC= -0.5100    
     DISP CONVERGENCE VALUE   =  0.5100      CRITERION=  0.2329    
     LINE SEARCH PARAMETER =   1.000     SCALED MAX DOF INC = -0.5100    
     FORCE CONVERGENCE VALUE  =   2222.      CRITERION=   44.19    
    EQUIL ITER   3 COMPLETED.  NEW TRIANG MATRIX.  MAX DOF INC= -0.1916    
     DISP CONVERGENCE VALUE   =  0.1916      CRITERION=  0.2481     <<< CONVERGED
     LINE SEARCH PARAMETER =   1.000     SCALED MAX DOF INC = -0.1916    
     FORCE CONVERGENCE VALUE  =   413.5      CRITERION=   45.18    
    EQUIL ITER   4 COMPLETED.  NEW TRIANG MATRIX.  MAX DOF INC= -0.1100E-01
     DISP CONVERGENCE VALUE   =  0.1100E-01  CRITERION=  0.2537     <<< CONVERGED
     LINE SEARCH PARAMETER =   1.000     SCALED MAX DOF INC = -0.1100E-01
     FORCE CONVERGENCE VALUE  =   8.050      CRITERION=   46.12     <<< CONVERGED
    >>> SOLUTION CONVERGED AFTER EQUILIBRIUM ITERATION   4
 *** LOAD STEP     1   SUBSTEP    24  COMPLETED.    CUM ITER =     34
 *** TIME =  0.800000         TIME INC =  0.333333E-01
 *** MAX PLASTIC STRAIN STEP = 0.1638E-02   CRITERION = 0.1500    
 *** AUTO STEP TIME:  NEXT TIME INC = 0.33333E-01  UNCHANGED

     FORCE CONVERGENCE VALUE  =  0.1252E+06  CRITERION=   39.81    
     DISP CONVERGENCE VALUE   =  0.1629      CRITERION=  0.2358     <<< CONVERGED
    EQUIL ITER   1 COMPLETED.  NEW TRIANG MATRIX.  MAX DOF INC= -0.1629    
     DISP CONVERGENCE VALUE   =  0.1628      CRITERION=  0.2406     <<< CONVERGED
     LINE SEARCH PARAMETER =  0.9994     SCALED MAX DOF INC = -0.1628    
     FORCE CONVERGENCE VALUE  =   5432.      CRITERION=   45.17    
    EQUIL ITER   2 COMPLETED.  NEW TRIANG MATRIX.  MAX DOF INC= -0.5652    
     DISP CONVERGENCE VALUE   =  0.5645      CRITERION=  0.2755    
     LINE SEARCH PARAMETER =  0.9988     SCALED MAX DOF INC = -0.5645    
     FORCE CONVERGENCE VALUE  =   1558.      CRITERION=   46.00    
    EQUIL ITER   3 COMPLETED.  NEW TRIANG MATRIX.  MAX DOF INC= -0.1735E-01
     DISP CONVERGENCE VALUE   =  0.1735E-01  CRITERION=  0.2820     <<< CONVERGED
     LINE SEARCH PARAMETER =   1.000     SCALED MAX DOF INC = -0.1735E-01
     FORCE CONVERGENCE VALUE  =   20.62      CRITERION=   47.07     <<< CONVERGED
    >>> SOLUTION CONVERGED AFTER EQUILIBRIUM ITERATION   3
 *** LOAD STEP     1   SUBSTEP    25  COMPLETED.    CUM ITER =     37
 *** TIME =  0.833333         TIME INC =  0.333333E-01
 *** MAX PLASTIC STRAIN STEP = 0.1380E-02   CRITERION = 0.1500    
 *** AUTO STEP TIME:  NEXT TIME INC = 0.33333E-01  UNCHANGED

     FORCE CONVERGENCE VALUE  =  0.1688E+06  CRITERION=   44.69    
     DISP CONVERGENCE VALUE   =  0.1277      CRITERION=  0.2673     <<< CONVERGED
    EQUIL ITER   1 COMPLETED.  NEW TRIANG MATRIX.  MAX DOF INC= -0.1277    
     DISP CONVERGENCE VALUE   =  0.1277      CRITERION=  0.2728     <<< CONVERGED
     LINE SEARCH PARAMETER =   1.000     SCALED MAX DOF INC = -0.1277    
     FORCE CONVERGENCE VALUE  =   6687.      CRITERION=   46.99    
    EQUIL ITER   2 COMPLETED.  NEW TRIANG MATRIX.  MAX DOF INC= -0.5866    
     DISP CONVERGENCE VALUE   =  0.5752      CRITERION=  0.3089    
     LINE SEARCH PARAMETER =  0.9805     SCALED MAX DOF INC = -0.5752    
     FORCE CONVERGENCE VALUE  =   1478.      CRITERION=   47.82    
    EQUIL ITER   3 COMPLETED.  NEW TRIANG MATRIX.  MAX DOF INC= -0.1690E-01
     DISP CONVERGENCE VALUE   =  0.1690E-01  CRITERION=  0.3161     <<< CONVERGED
     LINE SEARCH PARAMETER =   1.000     SCALED MAX DOF INC = -0.1690E-01
     FORCE CONVERGENCE VALUE  =   8.677      CRITERION=   48.94     <<< CONVERGED
    >>> SOLUTION CONVERGED AFTER EQUILIBRIUM ITERATION   3
 *** LOAD STEP     1   SUBSTEP    26  COMPLETED.    CUM ITER =     40
 *** TIME =  0.866667         TIME INC =  0.333333E-01
 *** MAX PLASTIC STRAIN STEP = 0.1417E-02   CRITERION = 0.1500    
 *** AUTO STEP TIME:  NEXT TIME INC = 0.33333E-01  UNCHANGED

     FORCE CONVERGENCE VALUE  =  0.2164E+06  CRITERION=   51.89    
     DISP CONVERGENCE VALUE   =  0.1589      CRITERION=  0.2983     <<< CONVERGED
    EQUIL ITER   1 COMPLETED.  NEW TRIANG MATRIX.  MAX DOF INC= -0.1589    
     DISP CONVERGENCE VALUE   =  0.1586      CRITERION=  0.3043     <<< CONVERGED
     LINE SEARCH PARAMETER =  0.9986     SCALED MAX DOF INC = -0.1586    
     FORCE CONVERGENCE VALUE  =   9619.      CRITERION=   48.75    
    EQUIL ITER   2 COMPLETED.  NEW TRIANG MATRIX.  MAX DOF INC= -0.5489    
     DISP CONVERGENCE VALUE   =  0.5438      CRITERION=  0.3394    
     LINE SEARCH PARAMETER =  0.9908     SCALED MAX DOF INC = -0.5438    
     FORCE CONVERGENCE VALUE  =   1328.      CRITERION=   49.66    
    EQUIL ITER   3 COMPLETED.  NEW TRIANG MATRIX.  MAX DOF INC= -0.9740E-02
     DISP CONVERGENCE VALUE   =  0.9740E-02  CRITERION=  0.3469     <<< CONVERGED
     LINE SEARCH PARAMETER =   1.000     SCALED MAX DOF INC = -0.9740E-02
     FORCE CONVERGENCE VALUE  =   11.09      CRITERION=   50.81     <<< CONVERGED
    >>> SOLUTION CONVERGED AFTER EQUILIBRIUM ITERATION   3
 *** LOAD STEP     1   SUBSTEP    27  COMPLETED.    CUM ITER =     43
 *** TIME =  0.900000         TIME INC =  0.333333E-01
 *** MAX PLASTIC STRAIN STEP = 0.1425E-02   CRITERION = 0.1500    
 *** AUTO STEP TIME:  NEXT TIME INC = 0.33333E-01  UNCHANGED

     FORCE CONVERGENCE VALUE  =  0.2660E+06  CRITERION=   60.84    
     DISP CONVERGENCE VALUE   =  0.1907      CRITERION=  0.3294     <<< CONVERGED
    EQUIL ITER   1 COMPLETED.  NEW TRIANG MATRIX.  MAX DOF INC= -0.1907    
     DISP CONVERGENCE VALUE   =  0.1903      CRITERION=  0.3361     <<< CONVERGED
     LINE SEARCH PARAMETER =  0.9980     SCALED MAX DOF INC = -0.1903    
     FORCE CONVERGENCE VALUE  =  0.1094E+05  CRITERION=   50.52    
    EQUIL ITER   2 COMPLETED.  NEW TRIANG MATRIX.  MAX DOF INC= -0.6853    
     DISP CONVERGENCE VALUE   =  0.6750      CRITERION=  0.3788    
     LINE SEARCH PARAMETER =  0.9849     SCALED MAX DOF INC = -0.6750    
     FORCE CONVERGENCE VALUE  =   2512.      CRITERION=   51.42    
    EQUIL ITER   3 COMPLETED.  NEW TRIANG MATRIX.  MAX DOF INC= -0.2803E-01
     DISP CONVERGENCE VALUE   =  0.2803E-01  CRITERION=  0.3880     <<< CONVERGED
     LINE SEARCH PARAMETER =   1.000     SCALED MAX DOF INC = -0.2803E-01
     FORCE CONVERGENCE VALUE  =   46.66      CRITERION=   52.68     <<< CONVERGED
    >>> SOLUTION CONVERGED AFTER EQUILIBRIUM ITERATION   3
 *** LOAD STEP     1   SUBSTEP    28  COMPLETED.    CUM ITER =     46
 *** TIME =  0.933333         TIME INC =  0.333333E-01
 *** MAX PLASTIC STRAIN STEP = 0.1771E-02   CRITERION = 0.1500    
 *** AUTO STEP TIME:  NEXT TIME INC = 0.33333E-01  UNCHANGED

     FORCE CONVERGENCE VALUE  =  0.3346E+06  CRITERION=   74.15    
     DISP CONVERGENCE VALUE   =  0.1909      CRITERION=  0.3742     <<< CONVERGED
    EQUIL ITER   1 COMPLETED.  NEW TRIANG MATRIX.  MAX DOF INC= -0.1909    
     DISP CONVERGENCE VALUE   =  0.1878      CRITERION=  0.3818     <<< CONVERGED
     LINE SEARCH PARAMETER =  0.9838     SCALED MAX DOF INC = -0.1878    
     FORCE CONVERGENCE VALUE  =  0.3214E+05  CRITERION=   51.79    
    EQUIL ITER   2 COMPLETED.  NEW TRIANG MATRIX.  MAX DOF INC=  -1.404    
     DISP CONVERGENCE VALUE   =   1.404      CRITERION=  0.4639    
     LINE SEARCH PARAMETER =   1.000     SCALED MAX DOF INC =  -1.404    
     FORCE CONVERGENCE VALUE  =   7052.      CRITERION=   52.73    
    EQUIL ITER   3 COMPLETED.  NEW TRIANG MATRIX.  MAX DOF INC= -0.3128    
     DISP CONVERGENCE VALUE   =  0.3128      CRITERION=  0.4904     <<< CONVERGED
     LINE SEARCH PARAMETER =   1.000     SCALED MAX DOF INC = -0.3128    
     FORCE CONVERGENCE VALUE  =   414.6      CRITERION=   54.51    
    EQUIL ITER   4 COMPLETED.  NEW TRIANG MATRIX.  MAX DOF INC= -0.1255    
     DISP CONVERGENCE VALUE   =  0.1255      CRITERION=  0.5073     <<< CONVERGED
     LINE SEARCH PARAMETER =   1.000     SCALED MAX DOF INC = -0.1255    
     FORCE CONVERGENCE VALUE  =   60.01      CRITERION=   55.65    
    EQUIL ITER   5 COMPLETED.  NEW TRIANG MATRIX.  MAX DOF INC= -0.2079E-02
     DISP CONVERGENCE VALUE   =  0.2079E-02  CRITERION=  0.5178     <<< CONVERGED
     LINE SEARCH PARAMETER =   1.000     SCALED MAX DOF INC = -0.2079E-02
     FORCE CONVERGENCE VALUE  =  0.2222E-01  CRITERION=   56.80     <<< CONVERGED
    >>> SOLUTION CONVERGED AFTER EQUILIBRIUM ITERATION   5
 *** LOAD STEP     1   SUBSTEP    29  COMPLETED.    CUM ITER =     51
 *** TIME =  0.966667         TIME INC =  0.333333E-01
 *** MAX PLASTIC STRAIN STEP = 0.2730E-02   CRITERION = 0.1500    
 *** AUTO STEP TIME:  NEXT TIME INC = 0.33333E-01  UNCHANGED

     FORCE CONVERGENCE VALUE  =  0.5364E+06  CRITERION=   115.4    
     DISP CONVERGENCE VALUE   =  0.3973      CRITERION=  0.4727     <<< CONVERGED
    EQUIL ITER   1 COMPLETED.  NEW TRIANG MATRIX.  MAX DOF INC= -0.3973    
     DISP CONVERGENCE VALUE   =  0.3938      CRITERION=  0.4824     <<< CONVERGED
     LINE SEARCH PARAMETER =  0.9910     SCALED MAX DOF INC = -0.3938    
     FORCE CONVERGENCE VALUE  =  0.3285E+05  CRITERION=   53.69    
    EQUIL ITER   2 COMPLETED.  NEW TRIANG MATRIX.  MAX DOF INC=  -1.493    
     DISP CONVERGENCE VALUE   =   1.475      CRITERION=  0.5706    
     LINE SEARCH PARAMETER =  0.9883     SCALED MAX DOF INC =  -1.475    
     FORCE CONVERGENCE VALUE  =   9550.      CRITERION=   54.42    
    EQUIL ITER   3 COMPLETED.  NEW TRIANG MATRIX.  MAX DOF INC= -0.1859    
     DISP CONVERGENCE VALUE   =  0.1859      CRITERION=  0.5923     <<< CONVERGED
     LINE SEARCH PARAMETER =   1.000     SCALED MAX DOF INC = -0.1859    
     FORCE CONVERGENCE VALUE  =   632.5      CRITERION=   56.39    
    EQUIL ITER   4 COMPLETED.  NEW TRIANG MATRIX.  MAX DOF INC= -0.1142    
     DISP CONVERGENCE VALUE   =  0.1142      CRITERION=  0.6107     <<< CONVERGED
     LINE SEARCH PARAMETER =   1.000     SCALED MAX DOF INC = -0.1142    
     FORCE CONVERGENCE VALUE  =   43.72      CRITERION=   57.55     <<< CONVERGED
    >>> SOLUTION CONVERGED AFTER EQUILIBRIUM ITERATION   4
 *** LOAD STEP     1   SUBSTEP    30  COMPLETED.    CUM ITER =     55
 *** TIME =   1.00000         TIME INC =  0.333333E-01
 *** MAX PLASTIC STRAIN STEP = 0.3179E-02   CRITERION = 0.1500    


 *** MAPDL BINARY FILE STATISTICS
  BUFFER SIZE USED= 16384
        9.750 MB WRITTEN ON ELEMENT SAVED DATA FILE: file0.esav
       30.000 MB WRITTEN ON RESULTS FILE: file0.rst
 *************** Write FE CONNECTORS *********

 WRITE OUT CONSTRAINT EQUATIONS TO FILE= file.ce                                                                                                                                                                                                                                                             
 ****************************************************
 *************** FINISHED SOLVE FOR LS 1 *************
 ****************************************************
 ******************* SOLVE FOR LS 2 OF 2 ****************

 PRINTOUT RESUMED BY /GOP

 USE AUTOMATIC TIME STEPPING THIS LOAD STEP

 USE       5 SUBSTEPS INITIALLY THIS LOAD STEP FOR ALL  DEGREES OF FREEDOM
 FOR AUTOMATIC TIME STEPPING:
   USE   1000 SUBSTEPS AS A MAXIMUM
   USE      1 SUBSTEPS AS A MINIMUM

 TIME=  2.0000    

 ERASE THE CURRENT DATABASE OUTPUT CONTROL TABLE.


 WRITE ALL  ITEMS TO THE DATABASE WITH A FREQUENCY OF NONE
   FOR ALL APPLICABLE ENTITIES

 WRITE NSOL ITEMS TO THE DATABASE WITH A FREQUENCY OF ALL 
   FOR ALL APPLICABLE ENTITIES

 WRITE RSOL ITEMS TO THE DATABASE WITH A FREQUENCY OF ALL 
   FOR ALL APPLICABLE ENTITIES

 WRITE EANG ITEMS TO THE DATABASE WITH A FREQUENCY OF ALL 
   FOR ALL APPLICABLE ENTITIES

 WRITE ETMP ITEMS TO THE DATABASE WITH A FREQUENCY OF ALL 
   FOR ALL APPLICABLE ENTITIES

 WRITE VENG ITEMS TO THE DATABASE WITH A FREQUENCY OF ALL 
   FOR ALL APPLICABLE ENTITIES

 WRITE STRS ITEMS TO THE DATABASE WITH A FREQUENCY OF ALL 
   FOR ALL APPLICABLE ENTITIES

 WRITE EPEL ITEMS TO THE DATABASE WITH A FREQUENCY OF ALL 
   FOR ALL APPLICABLE ENTITIES

 WRITE EPPL ITEMS TO THE DATABASE WITH A FREQUENCY OF ALL 
   FOR ALL APPLICABLE ENTITIES

 WRITE CONT ITEMS TO THE DATABASE WITH A FREQUENCY OF ALL 
   FOR ALL APPLICABLE ENTITIES

 *****  MAPDL SOLVE    COMMAND  *****

 *** NOTE ***                            CP =     162.234   TIME= 08:16:29
 This nonlinear analysis defaults to using the full Newton-Raphson       
 solution procedure.  This can be modified using the NROPT command.      

 *** MAPDL - ENGINEERING ANALYSIS SYSTEM  RELEASE 2022 R2          22.2     ***
 Ansys Mechanical Enterprise Academic Student      
 00000000  VERSION=WINDOWS x64   08:16:29  FEB 11, 2023 CP=    162.281

 design1--Static Structural (B5)                                               



                      L O A D   S T E P   O P T I O N S

   LOAD STEP NUMBER. . . . . . . . . . . . . . . .     2
   TIME AT END OF THE LOAD STEP. . . . . . . . . .  2.0000    
   AUTOMATIC TIME STEPPING . . . . . . . . . . . .    ON
      INITIAL NUMBER OF SUBSTEPS . . . . . . . . .     5
      MAXIMUM NUMBER OF SUBSTEPS . . . . . . . . .  1000
      MINIMUM NUMBER OF SUBSTEPS . . . . . . . . .     1
   MAXIMUM NUMBER OF EQUILIBRIUM ITERATIONS. . . .    15
   STEP CHANGE BOUNDARY CONDITIONS . . . . . . . .    NO
   STRESS-STIFFENING . . . . . . . . . . . . . . .    ON
   TERMINATE ANALYSIS IF NOT CONVERGED . . . . . .YES (EXIT)  
   CONVERGENCE CONTROLS. . . . . . . . . . . . . .USE DEFAULTS
   COPY INTEGRATION POINT VALUES TO NODE . . . . .YES, FOR ELEMENTS WITH
                                                  ACTIVE MAT. NONLINEARITIES
   PRINT OUTPUT CONTROLS . . . . . . . . . . . . .NO PRINTOUT
   DATABASE OUTPUT CONTROLS
      ITEM     FREQUENCY   COMPONENT
       ALL       NONE               
      NSOL        ALL               
      RSOL        ALL               
      EANG        ALL               
      ETMP        ALL               
      VENG        ALL               
      STRS        ALL               
      EPEL        ALL               
      EPPL        ALL               
      CONT        ALL               


 SOLUTION MONITORING INFO IS WRITTEN TO FILE= file.mntr                                                                                                                                                                                                                                                           
 MAXIMUM NUMBER OF EQUILIBRIUM ITERATIONS HAS BEEN MODIFIED              
  TO BE, NEQIT = 25, BY SOLUTION CONTROL LOGIC.                          

     FORCE CONVERGENCE VALUE  =   365.9      CRITERION=   52.76    
     DISP CONVERGENCE VALUE   =   2.484      CRITERION=  0.5633    
    EQUIL ITER   1 COMPLETED.  NEW TRIANG MATRIX.  MAX DOF INC=   2.484    
     DISP CONVERGENCE VALUE   =   2.327      CRITERION=  0.5748    
     LINE SEARCH PARAMETER =  0.9365     SCALED MAX DOF INC =   2.327    
     FORCE CONVERGENCE VALUE  =  0.2096E+05  CRITERION=   41.25    
    EQUIL ITER   2 COMPLETED.  NEW TRIANG MATRIX.  MAX DOF INC=  0.1495    
     DISP CONVERGENCE VALUE   =  0.1495      CRITERION=  0.5865     <<< CONVERGED
     LINE SEARCH PARAMETER =   1.000     SCALED MAX DOF INC =  0.1495    
     FORCE CONVERGENCE VALUE  =   85.39      CRITERION=   44.21    
    EQUIL ITER   3 COMPLETED.  NEW TRIANG MATRIX.  MAX DOF INC=  0.8581E-02
     DISP CONVERGENCE VALUE   =  0.8581E-02  CRITERION=  0.5985     <<< CONVERGED
     LINE SEARCH PARAMETER =   1.000     SCALED MAX DOF INC =  0.8581E-02
     FORCE CONVERGENCE VALUE  =  0.2951      CRITERION=   45.13     <<< CONVERGED
    >>> SOLUTION CONVERGED AFTER EQUILIBRIUM ITERATION   3
 *** LOAD STEP     2   SUBSTEP     1  COMPLETED.    CUM ITER =     58
 *** TIME =   1.20000         TIME INC =  0.200000    
 *** AUTO STEP TIME:  NEXT TIME INC = 0.20000      UNCHANGED

     FORCE CONVERGENCE VALUE  =  0.4776E+05  CRITERION=   28.11    
     DISP CONVERGENCE VALUE   =  0.3042E-01  CRITERION=  0.5633     <<< CONVERGED
    EQUIL ITER   1 COMPLETED.  NEW TRIANG MATRIX.  MAX DOF INC= -0.3042E-01
     DISP CONVERGENCE VALUE   =  0.3042E-01  CRITERION=  0.5748     <<< CONVERGED
     LINE SEARCH PARAMETER =  0.9999     SCALED MAX DOF INC = -0.3042E-01
     FORCE CONVERGENCE VALUE  =   2.383      CRITERION=   32.51     <<< CONVERGED
    >>> SOLUTION CONVERGED AFTER EQUILIBRIUM ITERATION   1
 *** LOAD STEP     2   SUBSTEP     2  COMPLETED.    CUM ITER =     59
 *** TIME =   1.40000         TIME INC =  0.200000    
 *** AUTO TIME STEP:  NEXT TIME INC = 0.30000      INCREASED (FACTOR = 1.5000)

     FORCE CONVERGENCE VALUE  =  0.8964E+05  CRITERION=   25.60    
     DISP CONVERGENCE VALUE   =  0.5725E-01  CRITERION=  0.5633     <<< CONVERGED
    EQUIL ITER   1 COMPLETED.  NEW TRIANG MATRIX.  MAX DOF INC= -0.5725E-01
     DISP CONVERGENCE VALUE   =  0.5724E-01  CRITERION=  0.5748     <<< CONVERGED
     LINE SEARCH PARAMETER =  0.9998     SCALED MAX DOF INC = -0.5724E-01
     FORCE CONVERGENCE VALUE  =   5.849      CRITERION=   16.26     <<< CONVERGED
    >>> SOLUTION CONVERGED AFTER EQUILIBRIUM ITERATION   1
 *** LOAD STEP     2   SUBSTEP     3  COMPLETED.    CUM ITER =     60
 *** TIME =   1.70000         TIME INC =  0.300000    
 *** AUTO STEP TIME:  NEXT TIME INC = 0.30000      UNCHANGED

     FORCE CONVERGENCE VALUE  =  0.1075E+06  CRITERION=   34.91    
     DISP CONVERGENCE VALUE   =  0.6876E-01  CRITERION=  0.5633     <<< CONVERGED
    EQUIL ITER   1 COMPLETED.  NEW TRIANG MATRIX.  MAX DOF INC= -0.6876E-01
     DISP CONVERGENCE VALUE   =  0.6875E-01  CRITERION=  0.5748     <<< CONVERGED
     LINE SEARCH PARAMETER =  0.9998     SCALED MAX DOF INC = -0.6875E-01
     FORCE CONVERGENCE VALUE  =   7.942      CRITERION=  0.1908E-02
    EQUIL ITER   2 COMPLETED.  NEW TRIANG MATRIX.  MAX DOF INC= -0.6414E-03
     DISP CONVERGENCE VALUE   =  0.6414E-03  CRITERION=  0.5865     <<< CONVERGED
     LINE SEARCH PARAMETER =   1.000     SCALED MAX DOF INC = -0.6414E-03
     FORCE CONVERGENCE VALUE  =  0.2107E-02  CRITERION=  0.8297E-04
    EQUIL ITER   3 COMPLETED.  NEW TRIANG MATRIX.  MAX DOF INC= -0.1715E-07
     DISP CONVERGENCE VALUE   =  0.1715E-07  CRITERION=  0.5985E-01 <<< CONVERGED
     LINE SEARCH PARAMETER =   1.000     SCALED MAX DOF INC = -0.1715E-07
     FORCE CONVERGENCE VALUE  =  0.4639E-06  CRITERION=  0.8564E-04 <<< CONVERGED

 *** WARNING ***                         CP =     181.234   TIME= 08:16:48
 A reference force value times the tolerance is used by the              
 Newton-Raphson method for checking convergence.  The calculated         
 reference FORCE CONVERGENCE VALUE = 3.159768459E-03 is less than a      
 threshold.  This threshold is internally calculated.  You can           
 overwrite it by specifying MINREF on the CNVTOL command.  Check         
 results carefully.                                                      
    >>> SOLUTION CONVERGED AFTER EQUILIBRIUM ITERATION   3
 *** LOAD STEP     2   SUBSTEP     4  COMPLETED.    CUM ITER =     63
 *** TIME =   2.00000         TIME INC =  0.300000    
 ****************************************************
 *************** FINISHED SOLVE FOR LS 2 *************

 *GET  _WALLASOL  FROM  ACTI  ITEM=TIME WALL  VALUE=  8.28027778    

 PRINTOUT RESUMED BY /GOP

 *GET  _PCGITER  FROM  ACTI  ITEM=SOLU CGIT  VALUE=  150.000000    

 FINISH SOLUTION PROCESSING


 ***** ROUTINE COMPLETED *****  CP =       182.000



 *** MAPDL - ENGINEERING ANALYSIS SYSTEM  RELEASE 2022 R2          22.2     ***
 Ansys Mechanical Enterprise Academic Student      
 00000000  VERSION=WINDOWS x64   08:16:49  FEB 11, 2023 CP=    182.000

 design1--Static Structural (B5)                                               



          ***** MAPDL RESULTS INTERPRETATION (POST1) *****

 *** NOTE ***                            CP =     182.000   TIME= 08:16:49
 Reading results into the database (SET command) will update the current 
 displacement and force boundary conditions in the database with the     
 values from the results file for that load set.  Note that any          
 subsequent solutions will use these values unless action is taken to    
 either SAVE the current values or not overwrite them (/EXIT,NOSAVE).    

 Set Encoding of XML File to:ISO-8859-1

 Set Output of XML File to:
     PARM,     ,     ,     ,     ,     ,     ,     ,     ,     ,     ,     ,
         ,     ,     ,     ,     ,     ,     ,

 DATABASE WRITTEN ON FILE  parm.xml                                                                                                                                                                                                                                                            

 EXIT THE MAPDL POST1 DATABASE PROCESSOR


 ***** ROUTINE COMPLETED *****  CP =       182.000



 PRINTOUT RESUMED BY /GOP

 *GET  _WALLDONE  FROM  ACTI  ITEM=TIME WALL  VALUE=  8.28027778    

 PARAMETER _PREPTIME =     0.000000000    

 PARAMETER _SOLVTIME =     185.0000000    

 PARAMETER _POSTTIME =     0.000000000    

 PARAMETER _TOTALTIM =     185.0000000    

 *GET  _DLBRATIO  FROM  ACTI  ITEM=SOLU DLBR  VALUE=  1.20000000    

 *GET  _COMBTIME  FROM  ACTI  ITEM=SOLU COMB  VALUE= 0.347088200    

 *GET  _SSMODE   FROM  ACTI  ITEM=SOLU SSMM  VALUE=  0.00000000    

 *GET  _NDOFS    FROM  ACTI  ITEM=SOLU NDOF  VALUE=  27156.0000    

 *GET  _SOL_END_TIME  FROM  ACTI  ITEM=SET  TIME  VALUE=  2.00000000    

 *IF  _sol_end_time                     ( =   2.00000     )  EQ  
      2.000000                          ( =   2.00000     )  THEN    

 /FCLEAN COMMAND REMOVING ALL LOCAL FILES

 *ENDIF
 --- Total number of nodes = 9066
 --- Total number of elements = 2001
 --- Element load balance ratio = 1.2
 --- Time to combine distributed files = 0.3470882
 --- Sparse memory mode = 0
 --- Number of DOF = 27156

 EXIT MAPDL WITHOUT SAVING DATABASE


 NUMBER OF WARNING MESSAGES ENCOUNTERED=          2
 NUMBER OF ERROR   MESSAGES ENCOUNTERED=          0

+--------------------- M A P D L   S T A T I S T I C S ------------------------+

Release: 2022 R2            Build: 22.2       Update: UP20220516   Platform: WINDOWS x64 
Date Run: 02/11/2023   Time: 08:16     Process ID: 7196
Operating System: Windows 10  (Build: 19045)

Processor Model: Intel(R) Core(TM) i5-7200U CPU @ 2.50GHz

Compiler: Intel(R) Fortran Compiler Version 19.0.5  (Build: 20190815)
          Intel(R) C/C++ Compiler Version 19.0.5  (Build: 20190815)
          Intel(R) Math Kernel Library Version 2020.0.0 Product Build 20191125
          BLAS Library supplied by Intel(R) MKL

Number of machines requested            :    1
Total number of cores available         :    4
Number of physical cores available      :    2
Number of processes requested           :    2
Number of threads per process requested :    1
Total number of cores requested         :    2 (Distributed Memory Parallel)               
MPI Type: INTELMPI
MPI Version: Intel(R) MPI Library 2021.5 for Windows* OS


GPU Acceleration: Not Requested

Job Name: file0
Input File: dummy.dat

  Core                Machine Name   Working Directory
 -----------------------------------------------------
     0             DESKTOP-H7DA5IC   C:\Users\Admin\PycharmProjects\Github\thesis_files\master thesisio\ansys\_ProjectScratch\ScrD543
     1             DESKTOP-H7DA5IC   C:\Users\Admin\PycharmProjects\Github\thesis_files\master thesisio\ansys\_ProjectScratch\ScrD543
 
Latency time from master to core     1 =   12.889 microseconds
 
Communication speed from master to core     1 =  1411.12 MB/sec

Total CPU time for main thread                    :      182.2 seconds
Total CPU time summed for all threads             :      182.5 seconds

Elapsed time spent obtaining a license            :        0.4 seconds
Elapsed time spent pre-processing model (/PREP7)  :        0.0 seconds
Elapsed time spent solution - preprocessing       :        0.3 seconds
Elapsed time spent computing solution             :      183.9 seconds
Elapsed time spent solution - postprocessing      :        0.3 seconds
Elapsed time spent post-processing model (/POST1) :        0.0 seconds
 
Equation solver used                              :            PCG (symmetric)
Equation solver computational rate                :        2.2 Gflops

Sum of memory used on all processes               :      161.0 MB
Sum of memory allocated on all processes          :     3136.0 MB
Physical memory available                         :          8 GB

Total amount of I/O written to disk               :        2.3 GB
Total amount of I/O read from disk                :        3.5 GB

+------------------ E N D   M A P D L   S T A T I S T I C S -------------------+


 *---------------------------------------------------------------------------*
 |                                                                           |
 |                               RUN COMPLETED                               |
 |                                                                           |
 |---------------------------------------------------------------------------|
 |                                                                           |
 |  Ansys MAPDL 2022 R2         Build 22.2         UP20220516    WINDOWS x64 |
 |                                                                           |
 |---------------------------------------------------------------------------|
 |                                                                           |
 | Database Requested(-db)  1024 MB    Scratch Memory Requested      1024 MB |
 | Maximum Database Used       6 MB    Maximum Scratch Memory Used     89 MB |
 |                                                                           |
 |---------------------------------------------------------------------------|
 |                                                                           |
 |        CP Time      (sec) =        182.516       Time  =  08:16:50        |
 |        Elapsed Time (sec) =        187.000       Date  =  02/11/2023      |
 |                                                                           |
 *---------------------------------------------------------------------------*
